[ 2015-04-05T17:06:43+08:00 ] 0.0.0.0 /System/admin.php
NOTIC: [2] array_walk_recursive() expects parameter 2 to be a valid callback, function 'filter_exp' not found or invalid function name C:\wamp1\www\System\ThinkPHP\Lib\Core\App.class.php 第 56 行.
NOTIC: [2] array_walk_recursive() expects parameter 2 to be a valid callback, function 'filter_exp' not found or invalid function name C:\wamp1\www\System\ThinkPHP\Lib\Core\App.class.php 第 57 行.
INFO: [ app_begin ] --START--
INFO: ReadHtmlCache Behavior ::run [ RunTime:0.042150s ]
INFO: [ app_begin ] --END-- [ RunTime:0.042470s ]
INFO: [ view_parse ] --START--
INFO: ParseTemplate Behavior ::run [ RunTime:0.132780s ]
INFO: [ view_parse ] --END-- [ RunTime:0.133023s ]
INFO: [ view_filter ] --START--
INFO: ContentReplace Behavior ::run [ RunTime:0.027079s ]
INFO: TokenBuild Behavior ::run [ RunTime:0.004162s ]
INFO: WriteHtmlCache Behavior ::run [ RunTime:0.053961s ]
INFO: ShowRuntime Behavior ::run [ RunTime:0.003300s ]
INFO: [ view_filter ] --END-- [ RunTime:0.089343s ]
INFO: [ view_end ] --START--
INFO: ShowPageTrace Behavior ::run [ RunTime:0.058565s ]
INFO: [ view_end ] --END-- [ RunTime:0.058762s ]

[ 2015-04-05T17:06:43+08:00 ] 0.0.0.0 /System/admin.php/Index/verify/
INFO: [ route_check ] --START--
INFO: CheckRoute Behavior ::run [ RunTime:0.016791s ]
INFO: [ route_check ] --END-- [ RunTime:0.017073s ]
NOTIC: [2] array_walk_recursive() expects parameter 2 to be a valid callback, function 'filter_exp' not found or invalid function name C:\wamp1\www\System\ThinkPHP\Lib\Core\App.class.php 第 56 行.
NOTIC: [2] array_walk_recursive() expects parameter 2 to be a valid callback, function 'filter_exp' not found or invalid function name C:\wamp1\www\System\ThinkPHP\Lib\Core\App.class.php 第 57 行.
INFO: [ app_begin ] --START--
INFO: ReadHtmlCache Behavior ::run [ RunTime:0.004133s ]
INFO: [ app_begin ] --END-- [ RunTime:0.004436s ]

