[ 2015-01-08T18:59:52+08:00 ] 127.0.0.1 /System/admin.php
NOTIC: [2] array_walk_recursive() expects parameter 2 to be a valid callback, function 'filter_exp' not found or invalid function name C:\wamp\www\System\ThinkPHP\Lib\Core\App.class.php 第 56 行.
NOTIC: [2] array_walk_recursive() expects parameter 2 to be a valid callback, function 'filter_exp' not found or invalid function name C:\wamp\www\System\ThinkPHP\Lib\Core\App.class.php 第 57 行.
INFO: [ app_begin ] --START--
INFO: ReadHtmlCache Behavior ::run [ RunTime:0.002057s ]
INFO: [ app_begin ] --END-- [ RunTime:0.002281s ]
INFO: [ view_parse ] --START--
INFO: ParseTemplate Behavior ::run [ RunTime:0.018936s ]
INFO: [ view_parse ] --END-- [ RunTime:0.019341s ]
INFO: [ view_filter ] --START--
INFO: ContentReplace Behavior ::run [ RunTime:0.001473s ]
INFO: TokenBuild Behavior ::run [ RunTime:0.001395s ]
INFO: WriteHtmlCache Behavior ::run [ RunTime:0.001229s ]
INFO: ShowRuntime Behavior ::run [ RunTime:0.001757s ]
INFO: [ view_filter ] --END-- [ RunTime:0.006439s ]
INFO: [ view_end ] --START--
INFO: ShowPageTrace Behavior ::run [ RunTime:0.001936s ]
INFO: [ view_end ] --END-- [ RunTime:0.002160s ]

[ 2015-01-08T18:59:52+08:00 ] 127.0.0.1 /System/admin.php/Index/verify/
INFO: [ route_check ] --START--
INFO: CheckRoute Behavior ::run [ RunTime:0.002165s ]
INFO: [ route_check ] --END-- [ RunTime:0.002434s ]
NOTIC: [2] array_walk_recursive() expects parameter 2 to be a valid callback, function 'filter_exp' not found or invalid function name C:\wamp\www\System\ThinkPHP\Lib\Core\App.class.php 第 56 行.
NOTIC: [2] array_walk_recursive() expects parameter 2 to be a valid callback, function 'filter_exp' not found or invalid function name C:\wamp\www\System\ThinkPHP\Lib\Core\App.class.php 第 57 行.
INFO: [ app_begin ] --START--
INFO: ReadHtmlCache Behavior ::run [ RunTime:0.001461s ]
INFO: [ app_begin ] --END-- [ RunTime:0.001752s ]

[ 2015-01-08T18:59:57+08:00 ] 127.0.0.1 /System/admin.php/login
INFO: [ route_check ] --START--
INFO: CheckRoute Behavior ::run [ RunTime:0.002674s ]
INFO: [ route_check ] --END-- [ RunTime:0.002911s ]
NOTIC: [2] array_walk_recursive() expects parameter 2 to be a valid callback, function 'filter_exp' not found or invalid function name C:\wamp\www\System\ThinkPHP\Lib\Core\App.class.php 第 56 行.
NOTIC: [2] array_walk_recursive() expects parameter 2 to be a valid callback, function 'filter_exp' not found or invalid function name C:\wamp\www\System\ThinkPHP\Lib\Core\App.class.php 第 57 行.
INFO: [ app_begin ] --START--
INFO: ReadHtmlCache Behavior ::run [ RunTime:0.001804s ]
INFO: [ app_begin ] --END-- [ RunTime:0.002026s ]
ERR: 无法加载模块:login

[ 2015-01-08T19:00:03+08:00 ] 127.0.0.1 /System/admin.php/Index/
INFO: [ route_check ] --START--
INFO: CheckRoute Behavior ::run [ RunTime:0.001852s ]
INFO: [ route_check ] --END-- [ RunTime:0.002114s ]
NOTIC: [2] array_walk_recursive() expects parameter 2 to be a valid callback, function 'filter_exp' not found or invalid function name C:\wamp\www\System\ThinkPHP\Lib\Core\App.class.php 第 56 行.
NOTIC: [2] array_walk_recursive() expects parameter 2 to be a valid callback, function 'filter_exp' not found or invalid function name C:\wamp\www\System\ThinkPHP\Lib\Core\App.class.php 第 57 行.
INFO: [ app_begin ] --START--
INFO: ReadHtmlCache Behavior ::run [ RunTime:0.001408s ]
INFO: [ app_begin ] --END-- [ RunTime:0.001609s ]
INFO: [ view_parse ] --START--
INFO: ParseTemplate Behavior ::run [ RunTime:0.018679s ]
INFO: [ view_parse ] --END-- [ RunTime:0.018951s ]
INFO: [ view_filter ] --START--
INFO: ContentReplace Behavior ::run [ RunTime:0.001619s ]
INFO: TokenBuild Behavior ::run [ RunTime:0.001349s ]
INFO: WriteHtmlCache Behavior ::run [ RunTime:0.001120s ]
INFO: ShowRuntime Behavior ::run [ RunTime:0.001778s ]
INFO: [ view_filter ] --END-- [ RunTime:0.006438s ]
INFO: [ view_end ] --START--
INFO: ShowPageTrace Behavior ::run [ RunTime:0.001720s ]
INFO: [ view_end ] --END-- [ RunTime:0.001958s ]

[ 2015-01-08T19:00:03+08:00 ] 127.0.0.1 /System/admin.php/Index/verify/
INFO: [ route_check ] --START--
INFO: CheckRoute Behavior ::run [ RunTime:0.003098s ]
INFO: [ route_check ] --END-- [ RunTime:0.003369s ]
NOTIC: [2] array_walk_recursive() expects parameter 2 to be a valid callback, function 'filter_exp' not found or invalid function name C:\wamp\www\System\ThinkPHP\Lib\Core\App.class.php 第 56 行.
NOTIC: [2] array_walk_recursive() expects parameter 2 to be a valid callback, function 'filter_exp' not found or invalid function name C:\wamp\www\System\ThinkPHP\Lib\Core\App.class.php 第 57 行.
INFO: [ app_begin ] --START--
INFO: ReadHtmlCache Behavior ::run [ RunTime:0.001724s ]
INFO: [ app_begin ] --END-- [ RunTime:0.001989s ]

[ 2015-01-08T19:00:06+08:00 ] 127.0.0.1 /System/admin.php/Index/login
INFO: [ route_check ] --START--
INFO: CheckRoute Behavior ::run [ RunTime:0.002022s ]
INFO: [ route_check ] --END-- [ RunTime:0.002306s ]
NOTIC: [2] array_walk_recursive() expects parameter 2 to be a valid callback, function 'filter_exp' not found or invalid function name C:\wamp\www\System\ThinkPHP\Lib\Core\App.class.php 第 56 行.
NOTIC: [2] array_walk_recursive() expects parameter 2 to be a valid callback, function 'filter_exp' not found or invalid function name C:\wamp\www\System\ThinkPHP\Lib\Core\App.class.php 第 57 行.
INFO: [ app_begin ] --START--
INFO: ReadHtmlCache Behavior ::run [ RunTime:0.001280s ]
INFO: [ app_begin ] --END-- [ RunTime:0.001493s ]

[ 2015-01-08T19:00:18+08:00 ] 127.0.0.1 /System/admin.php/Manger/manger
INFO: [ route_check ] --START--
INFO: CheckRoute Behavior ::run [ RunTime:0.001608s ]
INFO: [ route_check ] --END-- [ RunTime:0.001880s ]
NOTIC: [2] array_walk_recursive() expects parameter 2 to be a valid callback, function 'filter_exp' not found or invalid function name C:\wamp\www\System\ThinkPHP\Lib\Core\App.class.php 第 56 行.
NOTIC: [2] array_walk_recursive() expects parameter 2 to be a valid callback, function 'filter_exp' not found or invalid function name C:\wamp\www\System\ThinkPHP\Lib\Core\App.class.php 第 57 行.
INFO: [ app_begin ] --START--
INFO: ReadHtmlCache Behavior ::run [ RunTime:0.001257s ]
INFO: [ app_begin ] --END-- [ RunTime:0.001451s ]
NOTIC: [8] Constant THEME_NAME already defined C:\wamp\www\System\ThinkPHP\Lib\Core\View.class.php 第 223 行.
NOTIC: [8] Constant THEME_PATH already defined C:\wamp\www\System\ThinkPHP\Lib\Core\View.class.php 第 174 行.
NOTIC: [8] Constant APP_TMPL_PATH already defined C:\wamp\www\System\ThinkPHP\Lib\Core\View.class.php 第 175 行.
INFO: [ view_parse ] --START--
INFO: ParseTemplate Behavior ::run [ RunTime:0.026064s ]
INFO: [ view_parse ] --END-- [ RunTime:0.026326s ]
INFO: [ view_filter ] --START--
INFO: ContentReplace Behavior ::run [ RunTime:0.001551s ]
INFO: TokenBuild Behavior ::run [ RunTime:0.001317s ]
INFO: WriteHtmlCache Behavior ::run [ RunTime:0.001049s ]
INFO: ShowRuntime Behavior ::run [ RunTime:0.002178s ]
INFO: [ view_filter ] --END-- [ RunTime:0.006733s ]
INFO: [ view_end ] --START--
INFO: ShowPageTrace Behavior ::run [ RunTime:0.001758s ]
INFO: [ view_end ] --END-- [ RunTime:0.001958s ]

[ 2015-01-08T19:00:18+08:00 ] 127.0.0.1 /System/admin.php/Manger/main
INFO: [ route_check ] --START--
INFO: CheckRoute Behavior ::run [ RunTime:0.001644s ]
INFO: [ route_check ] --END-- [ RunTime:0.001912s ]
NOTIC: [2] array_walk_recursive() expects parameter 2 to be a valid callback, function 'filter_exp' not found or invalid function name C:\wamp\www\System\ThinkPHP\Lib\Core\App.class.php 第 56 行.
NOTIC: [2] array_walk_recursive() expects parameter 2 to be a valid callback, function 'filter_exp' not found or invalid function name C:\wamp\www\System\ThinkPHP\Lib\Core\App.class.php 第 57 行.
INFO: [ app_begin ] --START--
INFO: ReadHtmlCache Behavior ::run [ RunTime:0.001664s ]
INFO: [ app_begin ] --END-- [ RunTime:0.001906s ]
NOTIC: [8] Constant THEME_NAME already defined C:\wamp\www\System\ThinkPHP\Lib\Core\View.class.php 第 223 行.
NOTIC: [8] Constant THEME_PATH already defined C:\wamp\www\System\ThinkPHP\Lib\Core\View.class.php 第 174 行.
NOTIC: [8] Constant APP_TMPL_PATH already defined C:\wamp\www\System\ThinkPHP\Lib\Core\View.class.php 第 175 行.
INFO: [ view_parse ] --START--
INFO: ParseTemplate Behavior ::run [ RunTime:0.016184s ]
INFO: [ view_parse ] --END-- [ RunTime:0.016463s ]
INFO: [ view_filter ] --START--
INFO: ContentReplace Behavior ::run [ RunTime:0.001055s ]
INFO: TokenBuild Behavior ::run [ RunTime:0.001253s ]
INFO: WriteHtmlCache Behavior ::run [ RunTime:0.000992s ]
INFO: ShowRuntime Behavior ::run [ RunTime:0.001253s ]
INFO: [ view_filter ] --END-- [ RunTime:0.005247s ]
INFO: [ view_end ] --START--
INFO: ShowPageTrace Behavior ::run [ RunTime:0.001472s ]
INFO: [ view_end ] --END-- [ RunTime:0.001705s ]

[ 2015-01-08T19:00:18+08:00 ] 127.0.0.1 /System/admin.php/Manger/left
INFO: [ route_check ] --START--
INFO: CheckRoute Behavior ::run [ RunTime:0.002189s ]
INFO: [ route_check ] --END-- [ RunTime:0.002492s ]
NOTIC: [2] array_walk_recursive() expects parameter 2 to be a valid callback, function 'filter_exp' not found or invalid function name C:\wamp\www\System\ThinkPHP\Lib\Core\App.class.php 第 56 行.
NOTIC: [2] array_walk_recursive() expects parameter 2 to be a valid callback, function 'filter_exp' not found or invalid function name C:\wamp\www\System\ThinkPHP\Lib\Core\App.class.php 第 57 行.
INFO: [ app_begin ] --START--
INFO: ReadHtmlCache Behavior ::run [ RunTime:0.005790s ]
INFO: [ app_begin ] --END-- [ RunTime:0.006081s ]
INFO: [ view_parse ] --START--
INFO: ParseTemplate Behavior ::run [ RunTime:0.038222s ]
INFO: [ view_parse ] --END-- [ RunTime:0.038507s ]
INFO: [ view_filter ] --START--
INFO: ContentReplace Behavior ::run [ RunTime:0.001376s ]
INFO: TokenBuild Behavior ::run [ RunTime:0.001192s ]
INFO: WriteHtmlCache Behavior ::run [ RunTime:0.000744s ]
INFO: ShowRuntime Behavior ::run [ RunTime:0.001188s ]
INFO: [ view_filter ] --END-- [ RunTime:0.005133s ]
INFO: [ view_end ] --START--
INFO: ShowPageTrace Behavior ::run [ RunTime:0.001246s ]
INFO: [ view_end ] --END-- [ RunTime:0.001433s ]

[ 2015-01-08T19:00:18+08:00 ] 127.0.0.1 /System/admin.php/Manger/bottom
INFO: [ route_check ] --START--
INFO: CheckRoute Behavior ::run [ RunTime:0.002548s ]
INFO: [ route_check ] --END-- [ RunTime:0.002794s ]
NOTIC: [2] array_walk_recursive() expects parameter 2 to be a valid callback, function 'filter_exp' not found or invalid function name C:\wamp\www\System\ThinkPHP\Lib\Core\App.class.php 第 56 行.
NOTIC: [2] array_walk_recursive() expects parameter 2 to be a valid callback, function 'filter_exp' not found or invalid function name C:\wamp\www\System\ThinkPHP\Lib\Core\App.class.php 第 57 行.
INFO: [ app_begin ] --START--
INFO: ReadHtmlCache Behavior ::run [ RunTime:0.003218s ]
INFO: [ app_begin ] --END-- [ RunTime:0.003505s ]
NOTIC: [8] Constant THEME_NAME already defined C:\wamp\www\System\ThinkPHP\Lib\Core\View.class.php 第 223 行.
NOTIC: [8] Constant THEME_PATH already defined C:\wamp\www\System\ThinkPHP\Lib\Core\View.class.php 第 174 行.
NOTIC: [8] Constant APP_TMPL_PATH already defined C:\wamp\www\System\ThinkPHP\Lib\Core\View.class.php 第 175 行.
INFO: [ view_parse ] --START--
INFO: ParseTemplate Behavior ::run [ RunTime:0.054552s ]
INFO: [ view_parse ] --END-- [ RunTime:0.055014s ]
INFO: [ view_filter ] --START--
INFO: ContentReplace Behavior ::run [ RunTime:0.002256s ]
INFO: TokenBuild Behavior ::run [ RunTime:0.001586s ]
INFO: WriteHtmlCache Behavior ::run [ RunTime:0.001846s ]
INFO: ShowRuntime Behavior ::run [ RunTime:0.001870s ]
INFO: [ view_filter ] --END-- [ RunTime:0.008372s ]
INFO: [ view_end ] --START--
INFO: ShowPageTrace Behavior ::run [ RunTime:0.002049s ]
INFO: [ view_end ] --END-- [ RunTime:0.002222s ]

[ 2015-01-08T19:00:18+08:00 ] 127.0.0.1 /System/admin.php/Manger/top
INFO: [ route_check ] --START--
INFO: CheckRoute Behavior ::run [ RunTime:0.001683s ]
INFO: [ route_check ] --END-- [ RunTime:0.001942s ]
NOTIC: [2] array_walk_recursive() expects parameter 2 to be a valid callback, function 'filter_exp' not found or invalid function name C:\wamp\www\System\ThinkPHP\Lib\Core\App.class.php 第 56 行.
NOTIC: [2] array_walk_recursive() expects parameter 2 to be a valid callback, function 'filter_exp' not found or invalid function name C:\wamp\www\System\ThinkPHP\Lib\Core\App.class.php 第 57 行.
INFO: [ app_begin ] --START--
INFO: ReadHtmlCache Behavior ::run [ RunTime:0.001795s ]
INFO: [ app_begin ] --END-- [ RunTime:0.007110s ]
INFO: [ view_parse ] --START--
NOTIC: [8] Undefined index: username C:\wamp\www\System\Admin\Runtime\Cache\5ea6e9c1666da0ffc4feb8e5e8dbe7e7.php 第 19 行.
INFO: ParseTemplate Behavior ::run [ RunTime:0.085103s ]
INFO: [ view_parse ] --END-- [ RunTime:0.085413s ]
INFO: [ view_filter ] --START--
INFO: ContentReplace Behavior ::run [ RunTime:0.001245s ]
INFO: TokenBuild Behavior ::run [ RunTime:0.001220s ]
INFO: WriteHtmlCache Behavior ::run [ RunTime:0.000938s ]
INFO: ShowRuntime Behavior ::run [ RunTime:0.002846s ]
INFO: [ view_filter ] --END-- [ RunTime:0.007073s ]
INFO: [ view_end ] --START--
INFO: ShowPageTrace Behavior ::run [ RunTime:0.001608s ]
INFO: [ view_end ] --END-- [ RunTime:0.001826s ]

[ 2015-01-08T19:03:57+08:00 ] 127.0.0.1 /System/admin.php/Manger/BorrowApplication
INFO: [ route_check ] --START--
INFO: CheckRoute Behavior ::run [ RunTime:0.004506s ]
INFO: [ route_check ] --END-- [ RunTime:0.004803s ]
NOTIC: [2] array_walk_recursive() expects parameter 2 to be a valid callback, function 'filter_exp' not found or invalid function name C:\wamp\www\System\ThinkPHP\Lib\Core\App.class.php 第 56 行.
NOTIC: [2] array_walk_recursive() expects parameter 2 to be a valid callback, function 'filter_exp' not found or invalid function name C:\wamp\www\System\ThinkPHP\Lib\Core\App.class.php 第 57 行.
INFO: [ app_begin ] --START--
INFO: ReadHtmlCache Behavior ::run [ RunTime:0.001967s ]
INFO: [ app_begin ] --END-- [ RunTime:0.002476s ]
SQL: SHOW COLUMNS FROM `t_arch_util_app` [ RunTime:0.036481s ]
SQL: SELECT * FROM `t_arch_util_app`  [ RunTime:0.000849s ]
INFO: [ view_parse ] --START--
INFO: ParseTemplate Behavior ::run [ RunTime:0.022272s ]
INFO: [ view_parse ] --END-- [ RunTime:0.022530s ]
INFO: [ view_filter ] --START--
INFO: ContentReplace Behavior ::run [ RunTime:0.001463s ]
INFO: TokenBuild Behavior ::run [ RunTime:0.001446s ]
INFO: WriteHtmlCache Behavior ::run [ RunTime:0.001055s ]
INFO: ShowRuntime Behavior ::run [ RunTime:0.001530s ]
INFO: [ view_filter ] --END-- [ RunTime:0.006019s ]
INFO: [ view_end ] --START--
INFO: ShowPageTrace Behavior ::run [ RunTime:0.001811s ]
INFO: [ view_end ] --END-- [ RunTime:0.002023s ]

[ 2015-01-08T19:04:04+08:00 ] 127.0.0.1 /System/admin.php/Manger/pass
INFO: [ route_check ] --START--
INFO: CheckRoute Behavior ::run [ RunTime:0.002882s ]
INFO: [ route_check ] --END-- [ RunTime:0.003745s ]
NOTIC: [2] array_walk_recursive() expects parameter 2 to be a valid callback, function 'filter_exp' not found or invalid function name C:\wamp\www\System\ThinkPHP\Lib\Core\App.class.php 第 56 行.
NOTIC: [2] array_walk_recursive() expects parameter 2 to be a valid callback, function 'filter_exp' not found or invalid function name C:\wamp\www\System\ThinkPHP\Lib\Core\App.class.php 第 57 行.
INFO: [ app_begin ] --START--
INFO: ReadHtmlCache Behavior ::run [ RunTime:0.001881s ]
INFO: [ app_begin ] --END-- [ RunTime:0.002109s ]
SQL: SHOW COLUMNS FROM `t_arch_util_app` [ RunTime:0.009283s ]
NOTIC: [2] array_walk_recursive() expects parameter 2 to be a valid callback, function 'filter_exp' not found or invalid function name C:\wamp\www\System\ThinkPHP\Common\common.php 第 109 行.
SQL: UPDATE `t_arch_util_app` SET `APP_STATUS`='通过' WHERE ( `APP_ID` = 30 ) [ RunTime:0.003886s ]
SQL: SHOW COLUMNS FROM `t_log` [ RunTime:0.008143s ]
NOTIC: [8] Undefined index: EVENT_TIME C:\wamp\www\System\Admin\Lib\Action\MangerAction.class.php 第 293 行.
SQL: SELECT * FROM `t_log` WHERE ( `EVENT_TIME` = null ) LIMIT 1   [ RunTime:0.000780s ]
SQL: INSERT INTO `t_log` (`USER_ID`,`USER_NAME`,`LOG_IP`,`EVENT_TIME`,`EVENT_DESC`) VALUES (null,null,null,null,'通过了编号为“30”的借阅审批') [ RunTime:0.000531s ]
ERR: 1048:Column 'USER_ID' cannot be null
 [ SQL语句 ] : INSERT INTO `t_log` (`USER_ID`,`USER_NAME`,`LOG_IP`,`EVENT_TIME`,`EVENT_DESC`) VALUES (null,null,null,null,'通过了编号为“30”的借阅审批')

[ 2015-01-08T19:04:04+08:00 ] 127.0.0.1 /System/admin.php/Manger/BorrowApplication.html
INFO: [ route_check ] --START--
INFO: CheckRoute Behavior ::run [ RunTime:0.002113s ]
INFO: [ route_check ] --END-- [ RunTime:0.002348s ]
NOTIC: [2] array_walk_recursive() expects parameter 2 to be a valid callback, function 'filter_exp' not found or invalid function name C:\wamp\www\System\ThinkPHP\Lib\Core\App.class.php 第 56 行.
NOTIC: [2] array_walk_recursive() expects parameter 2 to be a valid callback, function 'filter_exp' not found or invalid function name C:\wamp\www\System\ThinkPHP\Lib\Core\App.class.php 第 57 行.
INFO: [ app_begin ] --START--
INFO: ReadHtmlCache Behavior ::run [ RunTime:0.001603s ]
INFO: [ app_begin ] --END-- [ RunTime:0.001803s ]
SQL: SHOW COLUMNS FROM `t_arch_util_app` [ RunTime:0.007747s ]
SQL: SELECT * FROM `t_arch_util_app`  [ RunTime:0.000655s ]
INFO: [ view_parse ] --START--
INFO: ParseTemplate Behavior ::run [ RunTime:0.022934s ]
INFO: [ view_parse ] --END-- [ RunTime:0.023192s ]
INFO: [ view_filter ] --START--
INFO: ContentReplace Behavior ::run [ RunTime:0.001542s ]
INFO: TokenBuild Behavior ::run [ RunTime:0.002171s ]
INFO: WriteHtmlCache Behavior ::run [ RunTime:0.001424s ]
INFO: ShowRuntime Behavior ::run [ RunTime:0.001658s ]
INFO: [ view_filter ] --END-- [ RunTime:0.007480s ]
INFO: [ view_end ] --START--
INFO: ShowPageTrace Behavior ::run [ RunTime:0.001846s ]
INFO: [ view_end ] --END-- [ RunTime:0.002054s ]

[ 2015-01-08T23:21:01+08:00 ] 127.0.0.1 /System/admin.php/Manger/exit1.html
INFO: [ route_check ] --START--
INFO: CheckRoute Behavior ::run [ RunTime:0.003731s ]
INFO: [ route_check ] --END-- [ RunTime:0.004016s ]
NOTIC: [2] array_walk_recursive() expects parameter 2 to be a valid callback, function 'filter_exp' not found or invalid function name C:\wamp\www\System\ThinkPHP\Lib\Core\App.class.php 第 56 行.
NOTIC: [2] array_walk_recursive() expects parameter 2 to be a valid callback, function 'filter_exp' not found or invalid function name C:\wamp\www\System\ThinkPHP\Lib\Core\App.class.php 第 57 行.
INFO: [ app_begin ] --START--
INFO: ReadHtmlCache Behavior ::run [ RunTime:0.002611s ]
INFO: [ app_begin ] --END-- [ RunTime:0.002882s ]

[ 2015-01-08T23:21:01+08:00 ] 127.0.0.1 /System/admin.php/Index/Index.html
INFO: [ route_check ] --START--
INFO: CheckRoute Behavior ::run [ RunTime:0.001996s ]
INFO: [ route_check ] --END-- [ RunTime:0.002259s ]
NOTIC: [2] array_walk_recursive() expects parameter 2 to be a valid callback, function 'filter_exp' not found or invalid function name C:\wamp\www\System\ThinkPHP\Lib\Core\App.class.php 第 56 行.
NOTIC: [2] array_walk_recursive() expects parameter 2 to be a valid callback, function 'filter_exp' not found or invalid function name C:\wamp\www\System\ThinkPHP\Lib\Core\App.class.php 第 57 行.
INFO: [ app_begin ] --START--
INFO: ReadHtmlCache Behavior ::run [ RunTime:0.001382s ]
INFO: [ app_begin ] --END-- [ RunTime:0.001584s ]
INFO: [ view_parse ] --START--
INFO: ParseTemplate Behavior ::run [ RunTime:0.024585s ]
INFO: [ view_parse ] --END-- [ RunTime:0.024984s ]
INFO: [ view_filter ] --START--
INFO: ContentReplace Behavior ::run [ RunTime:0.002275s ]
INFO: TokenBuild Behavior ::run [ RunTime:0.002572s ]
INFO: WriteHtmlCache Behavior ::run [ RunTime:0.002370s ]
INFO: ShowRuntime Behavior ::run [ RunTime:0.004400s ]
INFO: [ view_filter ] --END-- [ RunTime:0.012278s ]
INFO: [ view_end ] --START--
INFO: ShowPageTrace Behavior ::run [ RunTime:0.002884s ]
INFO: [ view_end ] --END-- [ RunTime:0.003119s ]

[ 2015-01-08T23:21:01+08:00 ] 127.0.0.1 /System/admin.php/Index/verify/
INFO: [ route_check ] --START--
INFO: CheckRoute Behavior ::run [ RunTime:0.001718s ]
INFO: [ route_check ] --END-- [ RunTime:0.001961s ]
NOTIC: [2] array_walk_recursive() expects parameter 2 to be a valid callback, function 'filter_exp' not found or invalid function name C:\wamp\www\System\ThinkPHP\Lib\Core\App.class.php 第 56 行.
NOTIC: [2] array_walk_recursive() expects parameter 2 to be a valid callback, function 'filter_exp' not found or invalid function name C:\wamp\www\System\ThinkPHP\Lib\Core\App.class.php 第 57 行.
INFO: [ app_begin ] --START--
INFO: ReadHtmlCache Behavior ::run [ RunTime:0.001366s ]
INFO: [ app_begin ] --END-- [ RunTime:0.001570s ]

[ 2015-01-08T23:21:06+08:00 ] 127.0.0.1 /System/admin.php/Index/login.html
INFO: [ route_check ] --START--
INFO: CheckRoute Behavior ::run [ RunTime:0.001777s ]
INFO: [ route_check ] --END-- [ RunTime:0.002019s ]
NOTIC: [2] array_walk_recursive() expects parameter 2 to be a valid callback, function 'filter_exp' not found or invalid function name C:\wamp\www\System\ThinkPHP\Lib\Core\App.class.php 第 56 行.
NOTIC: [2] array_walk_recursive() expects parameter 2 to be a valid callback, function 'filter_exp' not found or invalid function name C:\wamp\www\System\ThinkPHP\Lib\Core\App.class.php 第 57 行.
INFO: [ app_begin ] --START--
INFO: ReadHtmlCache Behavior ::run [ RunTime:0.001754s ]
INFO: [ app_begin ] --END-- [ RunTime:0.001956s ]
NOTIC: [2] array_walk_recursive() expects parameter 2 to be a valid callback, function 'filter_exp' not found or invalid function name C:\wamp\www\System\ThinkPHP\Common\common.php 第 109 行.
NOTIC: [2] array_walk_recursive() expects parameter 2 to be a valid callback, function 'filter_exp' not found or invalid function name C:\wamp\www\System\ThinkPHP\Common\common.php 第 109 行.
SQL: SHOW COLUMNS FROM `t_user` [ RunTime:0.067639s ]
NOTIC: [2] array_walk_recursive() expects parameter 2 to be a valid callback, function 'filter_exp' not found or invalid function name C:\wamp\www\System\ThinkPHP\Common\common.php 第 109 行.
SQL: SELECT * FROM `t_user` WHERE ( `USER_NAME` = 'admin' ) LIMIT 1   [ RunTime:0.000922s ]
SQL: SHOW COLUMNS FROM `t_log` [ RunTime:0.007062s ]
SQL: INSERT INTO `t_log` (`USER_ID`,`USER_NAME`,`LOG_IP`,`EVENT_TIME`,`EVENT_DESC`) VALUES (1,'admin','127.0.0.1',1420730466,'admin登录了系统') [ RunTime:0.003119s ]
NOTIC: [8] Use of undefined constant DEPT_ID - assumed 'DEPT_ID' C:\wamp\www\System\Admin\Lib\Action\IndexAction.class.php 第 36 行.
INFO: [ view_parse ] --START--
INFO: ParseTemplate Behavior ::run [ RunTime:0.050290s ]
INFO: [ view_parse ] --END-- [ RunTime:0.050576s ]
INFO: [ view_filter ] --START--
INFO: ContentReplace Behavior ::run [ RunTime:0.001323s ]
INFO: TokenBuild Behavior ::run [ RunTime:0.001391s ]
INFO: WriteHtmlCache Behavior ::run [ RunTime:0.000816s ]
INFO: ShowRuntime Behavior ::run [ RunTime:0.001308s ]
INFO: [ view_filter ] --END-- [ RunTime:0.005470s ]
INFO: [ view_end ] --START--
INFO: ShowPageTrace Behavior ::run [ RunTime:0.001456s ]
INFO: [ view_end ] --END-- [ RunTime:0.001668s ]

[ 2015-01-08T23:21:06+08:00 ] 127.0.0.1 /System/admin.php/Index/top
INFO: [ route_check ] --START--
INFO: CheckRoute Behavior ::run [ RunTime:0.001753s ]
INFO: [ route_check ] --END-- [ RunTime:0.002136s ]
NOTIC: [2] array_walk_recursive() expects parameter 2 to be a valid callback, function 'filter_exp' not found or invalid function name C:\wamp\www\System\ThinkPHP\Lib\Core\App.class.php 第 56 行.
NOTIC: [2] array_walk_recursive() expects parameter 2 to be a valid callback, function 'filter_exp' not found or invalid function name C:\wamp\www\System\ThinkPHP\Lib\Core\App.class.php 第 57 行.
INFO: [ app_begin ] --START--
INFO: ReadHtmlCache Behavior ::run [ RunTime:0.001641s ]
INFO: [ app_begin ] --END-- [ RunTime:0.001847s ]
INFO: [ view_parse ] --START--
INFO: ParseTemplate Behavior ::run [ RunTime:0.044175s ]
INFO: [ view_parse ] --END-- [ RunTime:0.044466s ]
INFO: [ view_filter ] --START--
INFO: ContentReplace Behavior ::run [ RunTime:0.001065s ]
INFO: TokenBuild Behavior ::run [ RunTime:0.001070s ]
INFO: WriteHtmlCache Behavior ::run [ RunTime:0.000837s ]
INFO: ShowRuntime Behavior ::run [ RunTime:0.001381s ]
INFO: [ view_filter ] --END-- [ RunTime:0.004904s ]
INFO: [ view_end ] --START--
INFO: ShowPageTrace Behavior ::run [ RunTime:0.001498s ]
INFO: [ view_end ] --END-- [ RunTime:0.001730s ]

[ 2015-01-08T23:21:06+08:00 ] 127.0.0.1 /System/admin.php/Index/main
INFO: [ route_check ] --START--
INFO: CheckRoute Behavior ::run [ RunTime:0.002482s ]
INFO: [ route_check ] --END-- [ RunTime:0.002728s ]
NOTIC: [2] array_walk_recursive() expects parameter 2 to be a valid callback, function 'filter_exp' not found or invalid function name C:\wamp\www\System\ThinkPHP\Lib\Core\App.class.php 第 56 行.
NOTIC: [2] array_walk_recursive() expects parameter 2 to be a valid callback, function 'filter_exp' not found or invalid function name C:\wamp\www\System\ThinkPHP\Lib\Core\App.class.php 第 57 行.
INFO: [ app_begin ] --START--
INFO: ReadHtmlCache Behavior ::run [ RunTime:0.001687s ]
INFO: [ app_begin ] --END-- [ RunTime:0.001939s ]
NOTIC: [8] Constant THEME_NAME already defined C:\wamp\www\System\ThinkPHP\Lib\Core\View.class.php 第 223 行.
NOTIC: [8] Constant THEME_PATH already defined C:\wamp\www\System\ThinkPHP\Lib\Core\View.class.php 第 174 行.
NOTIC: [8] Constant APP_TMPL_PATH already defined C:\wamp\www\System\ThinkPHP\Lib\Core\View.class.php 第 175 行.
INFO: [ view_parse ] --START--
INFO: ParseTemplate Behavior ::run [ RunTime:0.017495s ]
INFO: [ view_parse ] --END-- [ RunTime:0.017855s ]
INFO: [ view_filter ] --START--
INFO: ContentReplace Behavior ::run [ RunTime:0.001356s ]
INFO: TokenBuild Behavior ::run [ RunTime:0.001369s ]
INFO: WriteHtmlCache Behavior ::run [ RunTime:0.001403s ]
INFO: ShowRuntime Behavior ::run [ RunTime:0.001607s ]
INFO: [ view_filter ] --END-- [ RunTime:0.006295s ]
INFO: [ view_end ] --START--
INFO: ShowPageTrace Behavior ::run [ RunTime:0.002137s ]
INFO: [ view_end ] --END-- [ RunTime:0.002390s ]

[ 2015-01-08T23:21:06+08:00 ] 127.0.0.1 /System/admin.php/Index/bottom
INFO: [ route_check ] --START--
INFO: CheckRoute Behavior ::run [ RunTime:0.021353s ]
INFO: [ route_check ] --END-- [ RunTime:0.021682s ]
NOTIC: [2] array_walk_recursive() expects parameter 2 to be a valid callback, function 'filter_exp' not found or invalid function name C:\wamp\www\System\ThinkPHP\Lib\Core\App.class.php 第 56 行.
NOTIC: [2] array_walk_recursive() expects parameter 2 to be a valid callback, function 'filter_exp' not found or invalid function name C:\wamp\www\System\ThinkPHP\Lib\Core\App.class.php 第 57 行.
INFO: [ app_begin ] --START--
INFO: ReadHtmlCache Behavior ::run [ RunTime:0.002110s ]
INFO: [ app_begin ] --END-- [ RunTime:0.004313s ]
NOTIC: [8] Constant THEME_NAME already defined C:\wamp\www\System\ThinkPHP\Lib\Core\View.class.php 第 223 行.
NOTIC: [8] Constant THEME_PATH already defined C:\wamp\www\System\ThinkPHP\Lib\Core\View.class.php 第 174 行.
NOTIC: [8] Constant APP_TMPL_PATH already defined C:\wamp\www\System\ThinkPHP\Lib\Core\View.class.php 第 175 行.
INFO: [ view_parse ] --START--
INFO: ParseTemplate Behavior ::run [ RunTime:0.055502s ]
INFO: [ view_parse ] --END-- [ RunTime:0.055825s ]
INFO: [ view_filter ] --START--
INFO: ContentReplace Behavior ::run [ RunTime:0.001438s ]
INFO: TokenBuild Behavior ::run [ RunTime:0.001372s ]
INFO: WriteHtmlCache Behavior ::run [ RunTime:0.001756s ]
INFO: ShowRuntime Behavior ::run [ RunTime:0.001944s ]
INFO: [ view_filter ] --END-- [ RunTime:0.007105s ]
INFO: [ view_end ] --START--
INFO: ShowPageTrace Behavior ::run [ RunTime:0.003027s ]
INFO: [ view_end ] --END-- [ RunTime:0.003277s ]

[ 2015-01-08T23:21:07+08:00 ] 127.0.0.1 /System/admin.php/Index/left
INFO: [ route_check ] --START--
INFO: CheckRoute Behavior ::run [ RunTime:0.004659s ]
INFO: [ route_check ] --END-- [ RunTime:0.004952s ]
NOTIC: [2] array_walk_recursive() expects parameter 2 to be a valid callback, function 'filter_exp' not found or invalid function name C:\wamp\www\System\ThinkPHP\Lib\Core\App.class.php 第 56 行.
NOTIC: [2] array_walk_recursive() expects parameter 2 to be a valid callback, function 'filter_exp' not found or invalid function name C:\wamp\www\System\ThinkPHP\Lib\Core\App.class.php 第 57 行.
INFO: [ app_begin ] --START--
INFO: ReadHtmlCache Behavior ::run [ RunTime:0.008810s ]
INFO: [ app_begin ] --END-- [ RunTime:0.009133s ]
INFO: [ view_parse ] --START--
INFO: ParseTemplate Behavior ::run [ RunTime:0.043953s ]
INFO: [ view_parse ] --END-- [ RunTime:0.044247s ]
INFO: [ view_filter ] --START--
INFO: ContentReplace Behavior ::run [ RunTime:0.001430s ]
INFO: TokenBuild Behavior ::run [ RunTime:0.001262s ]
INFO: WriteHtmlCache Behavior ::run [ RunTime:0.001057s ]
INFO: ShowRuntime Behavior ::run [ RunTime:0.001966s ]
INFO: [ view_filter ] --END-- [ RunTime:0.006290s ]
INFO: [ view_end ] --START--
INFO: ShowPageTrace Behavior ::run [ RunTime:0.003429s ]
INFO: [ view_end ] --END-- [ RunTime:0.003903s ]

[ 2015-01-08T23:34:15+08:00 ] 127.0.0.1 /System/admin.php/Index/RightsAssignment
INFO: [ route_check ] --START--
INFO: CheckRoute Behavior ::run [ RunTime:0.002525s ]
INFO: [ route_check ] --END-- [ RunTime:0.002825s ]
NOTIC: [2] array_walk_recursive() expects parameter 2 to be a valid callback, function 'filter_exp' not found or invalid function name C:\wamp\www\System\ThinkPHP\Lib\Core\App.class.php 第 56 行.
NOTIC: [2] array_walk_recursive() expects parameter 2 to be a valid callback, function 'filter_exp' not found or invalid function name C:\wamp\www\System\ThinkPHP\Lib\Core\App.class.php 第 57 行.
INFO: [ app_begin ] --START--
INFO: ReadHtmlCache Behavior ::run [ RunTime:0.001615s ]
INFO: [ app_begin ] --END-- [ RunTime:0.001889s ]
NOTIC: [8] Constant THEME_NAME already defined C:\wamp\www\System\ThinkPHP\Lib\Core\View.class.php 第 223 行.
NOTIC: [8] Constant THEME_PATH already defined C:\wamp\www\System\ThinkPHP\Lib\Core\View.class.php 第 174 行.
NOTIC: [8] Constant APP_TMPL_PATH already defined C:\wamp\www\System\ThinkPHP\Lib\Core\View.class.php 第 175 行.
INFO: [ view_parse ] --START--
NOTIC: [8] Undefined variable: nameErr C:\wamp\www\System\Admin\Runtime\Cache\3fd8fee2c49cd442f8c56a3900a3813e.php 第 36 行.
NOTIC: [8] Undefined variable: nameErr C:\wamp\www\System\Admin\Runtime\Cache\3fd8fee2c49cd442f8c56a3900a3813e.php 第 39 行.
NOTIC: [8] Undefined variable: nameErr C:\wamp\www\System\Admin\Runtime\Cache\3fd8fee2c49cd442f8c56a3900a3813e.php 第 41 行.
INFO: ParseTemplate Behavior ::run [ RunTime:0.021012s ]
INFO: [ view_parse ] --END-- [ RunTime:0.021263s ]
INFO: [ view_filter ] --START--
INFO: ContentReplace Behavior ::run [ RunTime:0.001702s ]
INFO: TokenBuild Behavior ::run [ RunTime:0.001641s ]
INFO: WriteHtmlCache Behavior ::run [ RunTime:0.001284s ]
INFO: ShowRuntime Behavior ::run [ RunTime:0.001633s ]
INFO: [ view_filter ] --END-- [ RunTime:0.006884s ]
INFO: [ view_end ] --START--
INFO: ShowPageTrace Behavior ::run [ RunTime:0.001900s ]
INFO: [ view_end ] --END-- [ RunTime:0.002125s ]

[ 2015-01-08T23:42:08+08:00 ] 127.0.0.1 /System/admin.php/Index/login.html
INFO: [ route_check ] --START--
INFO: CheckRoute Behavior ::run [ RunTime:0.002542s ]
INFO: [ route_check ] --END-- [ RunTime:0.002819s ]
NOTIC: [2] array_walk_recursive() expects parameter 2 to be a valid callback, function 'filter_exp' not found or invalid function name C:\wamp\www\System\ThinkPHP\Lib\Core\App.class.php 第 56 行.
NOTIC: [2] array_walk_recursive() expects parameter 2 to be a valid callback, function 'filter_exp' not found or invalid function name C:\wamp\www\System\ThinkPHP\Lib\Core\App.class.php 第 57 行.
INFO: [ app_begin ] --START--
INFO: ReadHtmlCache Behavior ::run [ RunTime:0.001642s ]
INFO: [ app_begin ] --END-- [ RunTime:0.001896s ]
NOTIC: [2] array_walk_recursive() expects parameter 2 to be a valid callback, function 'filter_exp' not found or invalid function name C:\wamp\www\System\ThinkPHP\Common\common.php 第 109 行.
NOTIC: [2] array_walk_recursive() expects parameter 2 to be a valid callback, function 'filter_exp' not found or invalid function name C:\wamp\www\System\ThinkPHP\Common\common.php 第 109 行.
SQL: SHOW COLUMNS FROM `t_user` [ RunTime:0.007305s ]
NOTIC: [2] array_walk_recursive() expects parameter 2 to be a valid callback, function 'filter_exp' not found or invalid function name C:\wamp\www\System\ThinkPHP\Common\common.php 第 109 行.
SQL: SELECT * FROM `t_user` WHERE ( `USER_NAME` = 'admin' ) LIMIT 1   [ RunTime:0.000811s ]
SQL: SHOW COLUMNS FROM `t_log` [ RunTime:0.007648s ]
SQL: INSERT INTO `t_log` (`USER_ID`,`USER_NAME`,`LOG_IP`,`EVENT_TIME`,`EVENT_DESC`) VALUES (1,'admin','127.0.0.1',1420731728,'admin登录了系统') [ RunTime:0.003051s ]
NOTIC: [8] Use of undefined constant DEPT_ID - assumed 'DEPT_ID' C:\wamp\www\System\Admin\Lib\Action\IndexAction.class.php 第 36 行.
INFO: [ view_parse ] --START--
INFO: ParseTemplate Behavior ::run [ RunTime:0.016613s ]
INFO: [ view_parse ] --END-- [ RunTime:0.016918s ]
INFO: [ view_filter ] --START--
INFO: ContentReplace Behavior ::run [ RunTime:0.001661s ]
INFO: TokenBuild Behavior ::run [ RunTime:0.001603s ]
INFO: WriteHtmlCache Behavior ::run [ RunTime:0.001771s ]
INFO: ShowRuntime Behavior ::run [ RunTime:0.001660s ]
INFO: [ view_filter ] --END-- [ RunTime:0.007316s ]
INFO: [ view_end ] --START--
INFO: ShowPageTrace Behavior ::run [ RunTime:0.001883s ]
INFO: [ view_end ] --END-- [ RunTime:0.002121s ]

[ 2015-01-08T23:42:08+08:00 ] 127.0.0.1 /System/admin.php/Index/top
INFO: [ route_check ] --START--
INFO: CheckRoute Behavior ::run [ RunTime:0.001782s ]
INFO: [ route_check ] --END-- [ RunTime:0.002061s ]
NOTIC: [2] array_walk_recursive() expects parameter 2 to be a valid callback, function 'filter_exp' not found or invalid function name C:\wamp\www\System\ThinkPHP\Lib\Core\App.class.php 第 56 行.
NOTIC: [2] array_walk_recursive() expects parameter 2 to be a valid callback, function 'filter_exp' not found or invalid function name C:\wamp\www\System\ThinkPHP\Lib\Core\App.class.php 第 57 行.
INFO: [ app_begin ] --START--
INFO: ReadHtmlCache Behavior ::run [ RunTime:0.004013s ]
INFO: [ app_begin ] --END-- [ RunTime:0.004228s ]
INFO: [ view_parse ] --START--
INFO: ParseTemplate Behavior ::run [ RunTime:0.017311s ]
INFO: [ view_parse ] --END-- [ RunTime:0.017561s ]
INFO: [ view_filter ] --START--
INFO: ContentReplace Behavior ::run [ RunTime:0.001842s ]
INFO: TokenBuild Behavior ::run [ RunTime:0.001418s ]
INFO: WriteHtmlCache Behavior ::run [ RunTime:0.001096s ]
INFO: ShowRuntime Behavior ::run [ RunTime:0.001374s ]
INFO: [ view_filter ] --END-- [ RunTime:0.006417s ]
INFO: [ view_end ] --START--
INFO: ShowPageTrace Behavior ::run [ RunTime:0.001441s ]
INFO: [ view_end ] --END-- [ RunTime:0.001627s ]

[ 2015-01-08T23:42:08+08:00 ] 127.0.0.1 /System/admin.php/Index/main
INFO: [ route_check ] --START--
INFO: CheckRoute Behavior ::run [ RunTime:0.002831s ]
INFO: [ route_check ] --END-- [ RunTime:0.003129s ]
NOTIC: [2] array_walk_recursive() expects parameter 2 to be a valid callback, function 'filter_exp' not found or invalid function name C:\wamp\www\System\ThinkPHP\Lib\Core\App.class.php 第 56 行.
NOTIC: [2] array_walk_recursive() expects parameter 2 to be a valid callback, function 'filter_exp' not found or invalid function name C:\wamp\www\System\ThinkPHP\Lib\Core\App.class.php 第 57 行.
INFO: [ app_begin ] --START--
INFO: ReadHtmlCache Behavior ::run [ RunTime:0.001655s ]
INFO: [ app_begin ] --END-- [ RunTime:0.001895s ]
NOTIC: [8] Constant THEME_NAME already defined C:\wamp\www\System\ThinkPHP\Lib\Core\View.class.php 第 223 行.
NOTIC: [8] Constant THEME_PATH already defined C:\wamp\www\System\ThinkPHP\Lib\Core\View.class.php 第 174 行.
NOTIC: [8] Constant APP_TMPL_PATH already defined C:\wamp\www\System\ThinkPHP\Lib\Core\View.class.php 第 175 行.
INFO: [ view_parse ] --START--
INFO: ParseTemplate Behavior ::run [ RunTime:0.017496s ]
INFO: [ view_parse ] --END-- [ RunTime:0.017690s ]
INFO: [ view_filter ] --START--
INFO: ContentReplace Behavior ::run [ RunTime:0.001690s ]
INFO: TokenBuild Behavior ::run [ RunTime:0.001309s ]
INFO: WriteHtmlCache Behavior ::run [ RunTime:0.001592s ]
INFO: ShowRuntime Behavior ::run [ RunTime:0.001948s ]
INFO: [ view_filter ] --END-- [ RunTime:0.007135s ]
INFO: [ view_end ] --START--
INFO: ShowPageTrace Behavior ::run [ RunTime:0.001856s ]
INFO: [ view_end ] --END-- [ RunTime:0.002096s ]

[ 2015-01-08T23:42:08+08:00 ] 127.0.0.1 /System/admin.php/Index/bottom
INFO: [ route_check ] --START--
INFO: CheckRoute Behavior ::run [ RunTime:0.002618s ]
INFO: [ route_check ] --END-- [ RunTime:0.002903s ]
NOTIC: [2] array_walk_recursive() expects parameter 2 to be a valid callback, function 'filter_exp' not found or invalid function name C:\wamp\www\System\ThinkPHP\Lib\Core\App.class.php 第 56 行.
NOTIC: [2] array_walk_recursive() expects parameter 2 to be a valid callback, function 'filter_exp' not found or invalid function name C:\wamp\www\System\ThinkPHP\Lib\Core\App.class.php 第 57 行.
INFO: [ app_begin ] --START--
INFO: ReadHtmlCache Behavior ::run [ RunTime:0.001883s ]
INFO: [ app_begin ] --END-- [ RunTime:0.002134s ]
NOTIC: [8] Constant THEME_NAME already defined C:\wamp\www\System\ThinkPHP\Lib\Core\View.class.php 第 223 行.
NOTIC: [8] Constant THEME_PATH already defined C:\wamp\www\System\ThinkPHP\Lib\Core\View.class.php 第 174 行.
NOTIC: [8] Constant APP_TMPL_PATH already defined C:\wamp\www\System\ThinkPHP\Lib\Core\View.class.php 第 175 行.
INFO: [ view_parse ] --START--
INFO: ParseTemplate Behavior ::run [ RunTime:0.016846s ]
INFO: [ view_parse ] --END-- [ RunTime:0.017121s ]
INFO: [ view_filter ] --START--
INFO: ContentReplace Behavior ::run [ RunTime:0.001439s ]
INFO: TokenBuild Behavior ::run [ RunTime:0.001643s ]
INFO: WriteHtmlCache Behavior ::run [ RunTime:0.001112s ]
INFO: ShowRuntime Behavior ::run [ RunTime:0.001893s ]
INFO: [ view_filter ] --END-- [ RunTime:0.006777s ]
INFO: [ view_end ] --START--
INFO: ShowPageTrace Behavior ::run [ RunTime:0.002028s ]
INFO: [ view_end ] --END-- [ RunTime:0.002330s ]

[ 2015-01-08T23:42:08+08:00 ] 127.0.0.1 /System/admin.php/Index/left
INFO: [ route_check ] --START--
INFO: CheckRoute Behavior ::run [ RunTime:0.003453s ]
INFO: [ route_check ] --END-- [ RunTime:0.003774s ]
NOTIC: [2] array_walk_recursive() expects parameter 2 to be a valid callback, function 'filter_exp' not found or invalid function name C:\wamp\www\System\ThinkPHP\Lib\Core\App.class.php 第 56 行.
NOTIC: [2] array_walk_recursive() expects parameter 2 to be a valid callback, function 'filter_exp' not found or invalid function name C:\wamp\www\System\ThinkPHP\Lib\Core\App.class.php 第 57 行.
INFO: [ app_begin ] --START--
INFO: ReadHtmlCache Behavior ::run [ RunTime:0.001794s ]
INFO: [ app_begin ] --END-- [ RunTime:0.002078s ]
INFO: [ view_parse ] --START--
INFO: ParseTemplate Behavior ::run [ RunTime:0.017633s ]
INFO: [ view_parse ] --END-- [ RunTime:0.017890s ]
INFO: [ view_filter ] --START--
INFO: ContentReplace Behavior ::run [ RunTime:0.002046s ]
INFO: TokenBuild Behavior ::run [ RunTime:0.001567s ]
INFO: WriteHtmlCache Behavior ::run [ RunTime:0.001249s ]
INFO: ShowRuntime Behavior ::run [ RunTime:0.001595s ]
INFO: [ view_filter ] --END-- [ RunTime:0.007039s ]
INFO: [ view_end ] --START--
INFO: ShowPageTrace Behavior ::run [ RunTime:0.001678s ]
INFO: [ view_end ] --END-- [ RunTime:0.001925s ]

[ 2015-01-08T23:42:10+08:00 ] 127.0.0.1 /System/admin.php/Index/RightsAssignment
INFO: [ route_check ] --START--
INFO: CheckRoute Behavior ::run [ RunTime:0.001859s ]
INFO: [ route_check ] --END-- [ RunTime:0.002062s ]
NOTIC: [2] array_walk_recursive() expects parameter 2 to be a valid callback, function 'filter_exp' not found or invalid function name C:\wamp\www\System\ThinkPHP\Lib\Core\App.class.php 第 56 行.
NOTIC: [2] array_walk_recursive() expects parameter 2 to be a valid callback, function 'filter_exp' not found or invalid function name C:\wamp\www\System\ThinkPHP\Lib\Core\App.class.php 第 57 行.
INFO: [ app_begin ] --START--
INFO: ReadHtmlCache Behavior ::run [ RunTime:0.001461s ]
INFO: [ app_begin ] --END-- [ RunTime:0.001633s ]
SQL: SHOW COLUMNS FROM `t_group` [ RunTime:0.006984s ]
SQL: SELECT * FROM `t_group`  [ RunTime:0.000648s ]
INFO: [ view_parse ] --START--
NOTIC: [8] Undefined variable: nameErr C:\wamp\www\System\Admin\Runtime\Cache\3fd8fee2c49cd442f8c56a3900a3813e.php 第 36 行.
NOTIC: [8] Undefined variable: nameErr C:\wamp\www\System\Admin\Runtime\Cache\3fd8fee2c49cd442f8c56a3900a3813e.php 第 39 行.
NOTIC: [8] Undefined variable: nameErr C:\wamp\www\System\Admin\Runtime\Cache\3fd8fee2c49cd442f8c56a3900a3813e.php 第 41 行.
INFO: ParseTemplate Behavior ::run [ RunTime:0.019630s ]
INFO: [ view_parse ] --END-- [ RunTime:0.019883s ]
INFO: [ view_filter ] --START--
INFO: ContentReplace Behavior ::run [ RunTime:0.001047s ]
INFO: TokenBuild Behavior ::run [ RunTime:0.001034s ]
INFO: WriteHtmlCache Behavior ::run [ RunTime:0.000896s ]
INFO: ShowRuntime Behavior ::run [ RunTime:0.001415s ]
INFO: [ view_filter ] --END-- [ RunTime:0.005001s ]
INFO: [ view_end ] --START--
INFO: ShowPageTrace Behavior ::run [ RunTime:0.001773s ]
INFO: [ view_end ] --END-- [ RunTime:0.001996s ]

[ 2015-01-08T23:43:07+08:00 ] 127.0.0.1 /System/admin.php/Index/RightsAssignment
INFO: [ route_check ] --START--
INFO: CheckRoute Behavior ::run [ RunTime:0.001611s ]
INFO: [ route_check ] --END-- [ RunTime:0.002008s ]
NOTIC: [2] array_walk_recursive() expects parameter 2 to be a valid callback, function 'filter_exp' not found or invalid function name C:\wamp\www\System\ThinkPHP\Lib\Core\App.class.php 第 56 行.
NOTIC: [2] array_walk_recursive() expects parameter 2 to be a valid callback, function 'filter_exp' not found or invalid function name C:\wamp\www\System\ThinkPHP\Lib\Core\App.class.php 第 57 行.
INFO: [ app_begin ] --START--
INFO: ReadHtmlCache Behavior ::run [ RunTime:0.001858s ]
INFO: [ app_begin ] --END-- [ RunTime:0.002110s ]
SQL: SHOW COLUMNS FROM `t_group` [ RunTime:0.007332s ]
SQL: SELECT * FROM `t_group`  [ RunTime:0.000553s ]
INFO: [ view_parse ] --START--
NOTIC: [8] Undefined variable: nameErr C:\wamp\www\System\Admin\Runtime\Cache\3fd8fee2c49cd442f8c56a3900a3813e.php 第 36 行.
NOTIC: [8] Undefined variable: nameErr C:\wamp\www\System\Admin\Runtime\Cache\3fd8fee2c49cd442f8c56a3900a3813e.php 第 39 行.
NOTIC: [8] Undefined variable: nameErr C:\wamp\www\System\Admin\Runtime\Cache\3fd8fee2c49cd442f8c56a3900a3813e.php 第 41 行.
INFO: ParseTemplate Behavior ::run [ RunTime:0.019828s ]
INFO: [ view_parse ] --END-- [ RunTime:0.020079s ]
INFO: [ view_filter ] --START--
INFO: ContentReplace Behavior ::run [ RunTime:0.001125s ]
INFO: TokenBuild Behavior ::run [ RunTime:0.001129s ]
INFO: WriteHtmlCache Behavior ::run [ RunTime:0.001073s ]
INFO: ShowRuntime Behavior ::run [ RunTime:0.001592s ]
INFO: [ view_filter ] --END-- [ RunTime:0.005653s ]
INFO: [ view_end ] --START--
INFO: ShowPageTrace Behavior ::run [ RunTime:0.001402s ]
INFO: [ view_end ] --END-- [ RunTime:0.001611s ]

[ 2015-01-08T23:43:40+08:00 ] 127.0.0.1 /System/admin.php/Index/RightsAssignment
INFO: [ route_check ] --START--
INFO: CheckRoute Behavior ::run [ RunTime:0.001830s ]
INFO: [ route_check ] --END-- [ RunTime:0.002071s ]
NOTIC: [2] array_walk_recursive() expects parameter 2 to be a valid callback, function 'filter_exp' not found or invalid function name C:\wamp\www\System\ThinkPHP\Lib\Core\App.class.php 第 56 行.
NOTIC: [2] array_walk_recursive() expects parameter 2 to be a valid callback, function 'filter_exp' not found or invalid function name C:\wamp\www\System\ThinkPHP\Lib\Core\App.class.php 第 57 行.
INFO: [ app_begin ] --START--
INFO: ReadHtmlCache Behavior ::run [ RunTime:0.001331s ]
INFO: [ app_begin ] --END-- [ RunTime:0.001523s ]
SQL: SHOW COLUMNS FROM `t_group` [ RunTime:0.007730s ]
SQL: SELECT * FROM `t_group`  [ RunTime:0.000601s ]
INFO: [ view_parse ] --START--
NOTIC: [8] Undefined variable: nameErr C:\wamp\www\System\Admin\Runtime\Cache\3fd8fee2c49cd442f8c56a3900a3813e.php 第 36 行.
NOTIC: [8] Undefined variable: nameErr C:\wamp\www\System\Admin\Runtime\Cache\3fd8fee2c49cd442f8c56a3900a3813e.php 第 39 行.
NOTIC: [8] Undefined variable: nameErr C:\wamp\www\System\Admin\Runtime\Cache\3fd8fee2c49cd442f8c56a3900a3813e.php 第 41 行.
INFO: ParseTemplate Behavior ::run [ RunTime:0.020004s ]
INFO: [ view_parse ] --END-- [ RunTime:0.020203s ]
INFO: [ view_filter ] --START--
INFO: ContentReplace Behavior ::run [ RunTime:0.001207s ]
INFO: TokenBuild Behavior ::run [ RunTime:0.001130s ]
INFO: WriteHtmlCache Behavior ::run [ RunTime:0.000877s ]
INFO: ShowRuntime Behavior ::run [ RunTime:0.001352s ]
INFO: [ view_filter ] --END-- [ RunTime:0.005174s ]
INFO: [ view_end ] --START--
INFO: ShowPageTrace Behavior ::run [ RunTime:0.002072s ]
INFO: [ view_end ] --END-- [ RunTime:0.002252s ]

[ 2015-01-08T23:43:56+08:00 ] 127.0.0.1 /System/admin.php/Index/RightsAssignment
INFO: [ route_check ] --START--
INFO: CheckRoute Behavior ::run [ RunTime:0.001782s ]
INFO: [ route_check ] --END-- [ RunTime:0.002069s ]
NOTIC: [2] array_walk_recursive() expects parameter 2 to be a valid callback, function 'filter_exp' not found or invalid function name C:\wamp\www\System\ThinkPHP\Lib\Core\App.class.php 第 56 行.
NOTIC: [2] array_walk_recursive() expects parameter 2 to be a valid callback, function 'filter_exp' not found or invalid function name C:\wamp\www\System\ThinkPHP\Lib\Core\App.class.php 第 57 行.
INFO: [ app_begin ] --START--
INFO: ReadHtmlCache Behavior ::run [ RunTime:0.001434s ]
INFO: [ app_begin ] --END-- [ RunTime:0.001647s ]
SQL: SHOW COLUMNS FROM `t_group` [ RunTime:0.006865s ]
SQL: SELECT * FROM `t_group`  [ RunTime:0.000453s ]
INFO: [ view_parse ] --START--
NOTIC: [8] Undefined variable: nameErr C:\wamp\www\System\Admin\Runtime\Cache\3fd8fee2c49cd442f8c56a3900a3813e.php 第 36 行.
NOTIC: [8] Undefined variable: nameErr C:\wamp\www\System\Admin\Runtime\Cache\3fd8fee2c49cd442f8c56a3900a3813e.php 第 39 行.
NOTIC: [8] Undefined variable: nameErr C:\wamp\www\System\Admin\Runtime\Cache\3fd8fee2c49cd442f8c56a3900a3813e.php 第 41 行.
INFO: ParseTemplate Behavior ::run [ RunTime:0.019840s ]
INFO: [ view_parse ] --END-- [ RunTime:0.020147s ]
INFO: [ view_filter ] --START--
INFO: ContentReplace Behavior ::run [ RunTime:0.001363s ]
INFO: TokenBuild Behavior ::run [ RunTime:0.001074s ]
INFO: WriteHtmlCache Behavior ::run [ RunTime:0.000845s ]
INFO: ShowRuntime Behavior ::run [ RunTime:0.001185s ]
INFO: [ view_filter ] --END-- [ RunTime:0.004945s ]
INFO: [ view_end ] --START--
INFO: ShowPageTrace Behavior ::run [ RunTime:0.001436s ]
INFO: [ view_end ] --END-- [ RunTime:0.001667s ]

[ 2015-01-08T23:44:14+08:00 ] 127.0.0.1 /System/admin.php/Index/RightsAssignment
INFO: [ route_check ] --START--
INFO: CheckRoute Behavior ::run [ RunTime:0.002431s ]
INFO: [ route_check ] --END-- [ RunTime:0.002711s ]
NOTIC: [2] array_walk_recursive() expects parameter 2 to be a valid callback, function 'filter_exp' not found or invalid function name C:\wamp\www\System\ThinkPHP\Lib\Core\App.class.php 第 56 行.
NOTIC: [2] array_walk_recursive() expects parameter 2 to be a valid callback, function 'filter_exp' not found or invalid function name C:\wamp\www\System\ThinkPHP\Lib\Core\App.class.php 第 57 行.
INFO: [ app_begin ] --START--
INFO: ReadHtmlCache Behavior ::run [ RunTime:0.001873s ]
INFO: [ app_begin ] --END-- [ RunTime:0.002093s ]
SQL: SHOW COLUMNS FROM `t_group` [ RunTime:0.008040s ]
SQL: SELECT * FROM `t_group`  [ RunTime:0.000634s ]
INFO: [ view_parse ] --START--
NOTIC: [8] Undefined variable: nameErr C:\wamp\www\System\Admin\Runtime\Cache\3fd8fee2c49cd442f8c56a3900a3813e.php 第 36 行.
NOTIC: [8] Undefined variable: nameErr C:\wamp\www\System\Admin\Runtime\Cache\3fd8fee2c49cd442f8c56a3900a3813e.php 第 39 行.
NOTIC: [8] Undefined variable: nameErr C:\wamp\www\System\Admin\Runtime\Cache\3fd8fee2c49cd442f8c56a3900a3813e.php 第 41 行.
INFO: ParseTemplate Behavior ::run [ RunTime:0.021918s ]
INFO: [ view_parse ] --END-- [ RunTime:0.022132s ]
INFO: [ view_filter ] --START--
INFO: ContentReplace Behavior ::run [ RunTime:0.001506s ]
INFO: TokenBuild Behavior ::run [ RunTime:0.001496s ]
INFO: WriteHtmlCache Behavior ::run [ RunTime:0.001223s ]
INFO: ShowRuntime Behavior ::run [ RunTime:0.001529s ]
INFO: [ view_filter ] --END-- [ RunTime:0.006316s ]
INFO: [ view_end ] --START--
INFO: ShowPageTrace Behavior ::run [ RunTime:0.001735s ]
INFO: [ view_end ] --END-- [ RunTime:0.001933s ]

[ 2015-01-08T23:44:22+08:00 ] 127.0.0.1 /System/admin.php/Index/RightsAssignment
INFO: [ route_check ] --START--
INFO: CheckRoute Behavior ::run [ RunTime:0.002061s ]
INFO: [ route_check ] --END-- [ RunTime:0.002349s ]
NOTIC: [2] array_walk_recursive() expects parameter 2 to be a valid callback, function 'filter_exp' not found or invalid function name C:\wamp\www\System\ThinkPHP\Lib\Core\App.class.php 第 56 行.
NOTIC: [2] array_walk_recursive() expects parameter 2 to be a valid callback, function 'filter_exp' not found or invalid function name C:\wamp\www\System\ThinkPHP\Lib\Core\App.class.php 第 57 行.
INFO: [ app_begin ] --START--
INFO: ReadHtmlCache Behavior ::run [ RunTime:0.001623s ]
INFO: [ app_begin ] --END-- [ RunTime:0.001899s ]
SQL: SHOW COLUMNS FROM `t_group` [ RunTime:0.007437s ]
SQL: SELECT * FROM `t_group`  [ RunTime:0.000507s ]
INFO: [ view_parse ] --START--
NOTIC: [8] Undefined variable: nameErr C:\wamp\www\System\Admin\Runtime\Cache\3fd8fee2c49cd442f8c56a3900a3813e.php 第 36 行.
NOTIC: [8] Undefined variable: nameErr C:\wamp\www\System\Admin\Runtime\Cache\3fd8fee2c49cd442f8c56a3900a3813e.php 第 39 行.
NOTIC: [8] Undefined variable: nameErr C:\wamp\www\System\Admin\Runtime\Cache\3fd8fee2c49cd442f8c56a3900a3813e.php 第 41 行.
INFO: ParseTemplate Behavior ::run [ RunTime:0.021314s ]
INFO: [ view_parse ] --END-- [ RunTime:0.021531s ]
INFO: [ view_filter ] --START--
INFO: ContentReplace Behavior ::run [ RunTime:0.001153s ]
INFO: TokenBuild Behavior ::run [ RunTime:0.001186s ]
INFO: WriteHtmlCache Behavior ::run [ RunTime:0.001004s ]
INFO: ShowRuntime Behavior ::run [ RunTime:0.002003s ]
INFO: [ view_filter ] --END-- [ RunTime:0.006310s ]
INFO: [ view_end ] --START--
INFO: ShowPageTrace Behavior ::run [ RunTime:0.001502s ]
INFO: [ view_end ] --END-- [ RunTime:0.001694s ]

[ 2015-01-08T23:44:54+08:00 ] 127.0.0.1 /System/admin.php/Index/RightsAssignment
INFO: [ route_check ] --START--
INFO: CheckRoute Behavior ::run [ RunTime:0.001657s ]
INFO: [ route_check ] --END-- [ RunTime:0.002077s ]
NOTIC: [2] array_walk_recursive() expects parameter 2 to be a valid callback, function 'filter_exp' not found or invalid function name C:\wamp\www\System\ThinkPHP\Lib\Core\App.class.php 第 56 行.
NOTIC: [2] array_walk_recursive() expects parameter 2 to be a valid callback, function 'filter_exp' not found or invalid function name C:\wamp\www\System\ThinkPHP\Lib\Core\App.class.php 第 57 行.
INFO: [ app_begin ] --START--
INFO: ReadHtmlCache Behavior ::run [ RunTime:0.001416s ]
INFO: [ app_begin ] --END-- [ RunTime:0.001657s ]
SQL: SHOW COLUMNS FROM `t_group` [ RunTime:0.007289s ]
SQL: SELECT * FROM `t_group`  [ RunTime:0.000634s ]
INFO: [ view_parse ] --START--
NOTIC: [8] Undefined variable: nameErr C:\wamp\www\System\Admin\Runtime\Cache\3fd8fee2c49cd442f8c56a3900a3813e.php 第 36 行.
NOTIC: [8] Undefined variable: nameErr C:\wamp\www\System\Admin\Runtime\Cache\3fd8fee2c49cd442f8c56a3900a3813e.php 第 39 行.
NOTIC: [8] Undefined variable: nameErr C:\wamp\www\System\Admin\Runtime\Cache\3fd8fee2c49cd442f8c56a3900a3813e.php 第 41 行.
INFO: ParseTemplate Behavior ::run [ RunTime:0.019638s ]
INFO: [ view_parse ] --END-- [ RunTime:0.019864s ]
INFO: [ view_filter ] --START--
INFO: ContentReplace Behavior ::run [ RunTime:0.001050s ]
INFO: TokenBuild Behavior ::run [ RunTime:0.001022s ]
INFO: WriteHtmlCache Behavior ::run [ RunTime:0.000722s ]
INFO: ShowRuntime Behavior ::run [ RunTime:0.001169s ]
INFO: [ view_filter ] --END-- [ RunTime:0.004561s ]
INFO: [ view_end ] --START--
INFO: ShowPageTrace Behavior ::run [ RunTime:0.001355s ]
INFO: [ view_end ] --END-- [ RunTime:0.001623s ]

[ 2015-01-08T23:46:11+08:00 ] 127.0.0.1 /System/admin.php/Index/RightsAssignment
INFO: [ route_check ] --START--
INFO: CheckRoute Behavior ::run [ RunTime:0.002167s ]
INFO: [ route_check ] --END-- [ RunTime:0.002465s ]
NOTIC: [2] array_walk_recursive() expects parameter 2 to be a valid callback, function 'filter_exp' not found or invalid function name C:\wamp\www\System\ThinkPHP\Lib\Core\App.class.php 第 56 行.
NOTIC: [2] array_walk_recursive() expects parameter 2 to be a valid callback, function 'filter_exp' not found or invalid function name C:\wamp\www\System\ThinkPHP\Lib\Core\App.class.php 第 57 行.
INFO: [ app_begin ] --START--
INFO: ReadHtmlCache Behavior ::run [ RunTime:0.001579s ]
INFO: [ app_begin ] --END-- [ RunTime:0.001801s ]
SQL: SHOW COLUMNS FROM `t_group` [ RunTime:0.007059s ]
SQL: SELECT * FROM `t_group`  [ RunTime:0.000686s ]
INFO: [ view_parse ] --START--
NOTIC: [8] Undefined variable: nameErr C:\wamp\www\System\Admin\Runtime\Cache\3fd8fee2c49cd442f8c56a3900a3813e.php 第 36 行.
NOTIC: [8] Undefined variable: nameErr C:\wamp\www\System\Admin\Runtime\Cache\3fd8fee2c49cd442f8c56a3900a3813e.php 第 39 行.
NOTIC: [8] Undefined variable: nameErr C:\wamp\www\System\Admin\Runtime\Cache\3fd8fee2c49cd442f8c56a3900a3813e.php 第 41 行.
INFO: ParseTemplate Behavior ::run [ RunTime:0.019595s ]
INFO: [ view_parse ] --END-- [ RunTime:0.019812s ]
INFO: [ view_filter ] --START--
INFO: ContentReplace Behavior ::run [ RunTime:0.001110s ]
INFO: TokenBuild Behavior ::run [ RunTime:0.001278s ]
INFO: WriteHtmlCache Behavior ::run [ RunTime:0.000812s ]
INFO: ShowRuntime Behavior ::run [ RunTime:0.001607s ]
INFO: [ view_filter ] --END-- [ RunTime:0.005359s ]
INFO: [ view_end ] --START--
INFO: ShowPageTrace Behavior ::run [ RunTime:0.001393s ]
INFO: [ view_end ] --END-- [ RunTime:0.001539s ]

[ 2015-01-08T23:46:35+08:00 ] 127.0.0.1 /System/admin.php/Index/RightsAssignment
INFO: [ route_check ] --START--
INFO: CheckRoute Behavior ::run [ RunTime:0.005299s ]
INFO: [ route_check ] --END-- [ RunTime:0.005613s ]
NOTIC: [2] array_walk_recursive() expects parameter 2 to be a valid callback, function 'filter_exp' not found or invalid function name C:\wamp\www\System\ThinkPHP\Lib\Core\App.class.php 第 56 行.
NOTIC: [2] array_walk_recursive() expects parameter 2 to be a valid callback, function 'filter_exp' not found or invalid function name C:\wamp\www\System\ThinkPHP\Lib\Core\App.class.php 第 57 行.
INFO: [ app_begin ] --START--
INFO: ReadHtmlCache Behavior ::run [ RunTime:0.002214s ]
INFO: [ app_begin ] --END-- [ RunTime:0.002418s ]
SQL: SHOW COLUMNS FROM `t_group` [ RunTime:0.006987s ]
SQL: SELECT * FROM `t_group`  [ RunTime:0.000640s ]
INFO: [ view_parse ] --START--
NOTIC: [8] Undefined variable: nameErr C:\wamp\www\System\Admin\Runtime\Cache\3fd8fee2c49cd442f8c56a3900a3813e.php 第 36 行.
NOTIC: [8] Undefined variable: nameErr C:\wamp\www\System\Admin\Runtime\Cache\3fd8fee2c49cd442f8c56a3900a3813e.php 第 39 行.
NOTIC: [8] Undefined variable: nameErr C:\wamp\www\System\Admin\Runtime\Cache\3fd8fee2c49cd442f8c56a3900a3813e.php 第 41 行.
INFO: ParseTemplate Behavior ::run [ RunTime:0.021359s ]
INFO: [ view_parse ] --END-- [ RunTime:0.021577s ]
INFO: [ view_filter ] --START--
INFO: ContentReplace Behavior ::run [ RunTime:0.001516s ]
INFO: TokenBuild Behavior ::run [ RunTime:0.001402s ]
INFO: WriteHtmlCache Behavior ::run [ RunTime:0.001158s ]
INFO: ShowRuntime Behavior ::run [ RunTime:0.001837s ]
INFO: [ view_filter ] --END-- [ RunTime:0.006585s ]
INFO: [ view_end ] --START--
INFO: ShowPageTrace Behavior ::run [ RunTime:0.002256s ]
INFO: [ view_end ] --END-- [ RunTime:0.002475s ]

[ 2015-01-08T23:46:38+08:00 ] 127.0.0.1 /System/admin.php/Index/RightsAssignment
INFO: [ route_check ] --START--
INFO: CheckRoute Behavior ::run [ RunTime:0.002366s ]
INFO: [ route_check ] --END-- [ RunTime:0.002621s ]
NOTIC: [2] array_walk_recursive() expects parameter 2 to be a valid callback, function 'filter_exp' not found or invalid function name C:\wamp\www\System\ThinkPHP\Lib\Core\App.class.php 第 56 行.
NOTIC: [2] array_walk_recursive() expects parameter 2 to be a valid callback, function 'filter_exp' not found or invalid function name C:\wamp\www\System\ThinkPHP\Lib\Core\App.class.php 第 57 行.
INFO: [ app_begin ] --START--
INFO: ReadHtmlCache Behavior ::run [ RunTime:0.001596s ]
INFO: [ app_begin ] --END-- [ RunTime:0.001845s ]
SQL: SHOW COLUMNS FROM `t_group` [ RunTime:0.006943s ]
SQL: SELECT * FROM `t_group`  [ RunTime:0.000341s ]
INFO: [ view_parse ] --START--
NOTIC: [8] Undefined variable: nameErr C:\wamp\www\System\Admin\Runtime\Cache\3fd8fee2c49cd442f8c56a3900a3813e.php 第 36 行.
NOTIC: [8] Undefined variable: nameErr C:\wamp\www\System\Admin\Runtime\Cache\3fd8fee2c49cd442f8c56a3900a3813e.php 第 39 行.
NOTIC: [8] Undefined variable: nameErr C:\wamp\www\System\Admin\Runtime\Cache\3fd8fee2c49cd442f8c56a3900a3813e.php 第 41 行.
INFO: ParseTemplate Behavior ::run [ RunTime:0.020965s ]
INFO: [ view_parse ] --END-- [ RunTime:0.021231s ]
INFO: [ view_filter ] --START--
INFO: ContentReplace Behavior ::run [ RunTime:0.001337s ]
INFO: TokenBuild Behavior ::run [ RunTime:0.001335s ]
INFO: WriteHtmlCache Behavior ::run [ RunTime:0.001034s ]
INFO: ShowRuntime Behavior ::run [ RunTime:0.001504s ]
INFO: [ view_filter ] --END-- [ RunTime:0.005770s ]
INFO: [ view_end ] --START--
INFO: ShowPageTrace Behavior ::run [ RunTime:0.001939s ]
INFO: [ view_end ] --END-- [ RunTime:0.002179s ]

[ 2015-01-08T23:50:52+08:00 ] 127.0.0.1 /System/admin.php/Index/exit?
INFO: [ route_check ] --START--
INFO: CheckRoute Behavior ::run [ RunTime:0.002562s ]
INFO: [ route_check ] --END-- [ RunTime:0.002810s ]
NOTIC: [2] array_walk_recursive() expects parameter 2 to be a valid callback, function 'filter_exp' not found or invalid function name C:\wamp\www\System\ThinkPHP\Lib\Core\App.class.php 第 56 行.
NOTIC: [2] array_walk_recursive() expects parameter 2 to be a valid callback, function 'filter_exp' not found or invalid function name C:\wamp\www\System\ThinkPHP\Lib\Core\App.class.php 第 57 行.
INFO: [ app_begin ] --START--
INFO: ReadHtmlCache Behavior ::run [ RunTime:0.001938s ]
INFO: [ app_begin ] --END-- [ RunTime:0.002196s ]
ERR: 非法操作:exit

[ 2015-01-08T23:50:52+08:00 ] 127.0.0.1 /System/admin.php/Index/Index
INFO: [ route_check ] --START--
INFO: CheckRoute Behavior ::run [ RunTime:0.003552s ]
INFO: [ route_check ] --END-- [ RunTime:0.003822s ]
NOTIC: [2] array_walk_recursive() expects parameter 2 to be a valid callback, function 'filter_exp' not found or invalid function name C:\wamp\www\System\ThinkPHP\Lib\Core\App.class.php 第 56 行.
NOTIC: [2] array_walk_recursive() expects parameter 2 to be a valid callback, function 'filter_exp' not found or invalid function name C:\wamp\www\System\ThinkPHP\Lib\Core\App.class.php 第 57 行.
INFO: [ app_begin ] --START--
INFO: ReadHtmlCache Behavior ::run [ RunTime:0.004286s ]
INFO: [ app_begin ] --END-- [ RunTime:0.004482s ]
INFO: [ view_parse ] --START--
INFO: ParseTemplate Behavior ::run [ RunTime:0.026229s ]
INFO: [ view_parse ] --END-- [ RunTime:0.026494s ]
INFO: [ view_filter ] --START--
INFO: ContentReplace Behavior ::run [ RunTime:0.001757s ]
INFO: TokenBuild Behavior ::run [ RunTime:0.001410s ]
INFO: WriteHtmlCache Behavior ::run [ RunTime:0.001124s ]
INFO: ShowRuntime Behavior ::run [ RunTime:0.001558s ]
INFO: [ view_filter ] --END-- [ RunTime:0.006362s ]
INFO: [ view_end ] --START--
INFO: ShowPageTrace Behavior ::run [ RunTime:0.001998s ]
INFO: [ view_end ] --END-- [ RunTime:0.002253s ]

[ 2015-01-08T23:50:53+08:00 ] 127.0.0.1 /System/admin.php/Index/verify/
INFO: [ route_check ] --START--
INFO: CheckRoute Behavior ::run [ RunTime:0.001610s ]
INFO: [ route_check ] --END-- [ RunTime:0.001878s ]
NOTIC: [2] array_walk_recursive() expects parameter 2 to be a valid callback, function 'filter_exp' not found or invalid function name C:\wamp\www\System\ThinkPHP\Lib\Core\App.class.php 第 56 行.
NOTIC: [2] array_walk_recursive() expects parameter 2 to be a valid callback, function 'filter_exp' not found or invalid function name C:\wamp\www\System\ThinkPHP\Lib\Core\App.class.php 第 57 行.
INFO: [ app_begin ] --START--
INFO: ReadHtmlCache Behavior ::run [ RunTime:0.002059s ]
INFO: [ app_begin ] --END-- [ RunTime:0.002306s ]

[ 2015-01-08T23:51:00+08:00 ] 127.0.0.1 /System/admin.php/Index/login.html
INFO: [ route_check ] --START--
INFO: CheckRoute Behavior ::run [ RunTime:0.001802s ]
INFO: [ route_check ] --END-- [ RunTime:0.002111s ]
NOTIC: [2] array_walk_recursive() expects parameter 2 to be a valid callback, function 'filter_exp' not found or invalid function name C:\wamp\www\System\ThinkPHP\Lib\Core\App.class.php 第 56 行.
NOTIC: [2] array_walk_recursive() expects parameter 2 to be a valid callback, function 'filter_exp' not found or invalid function name C:\wamp\www\System\ThinkPHP\Lib\Core\App.class.php 第 57 行.
INFO: [ app_begin ] --START--
INFO: ReadHtmlCache Behavior ::run [ RunTime:0.001550s ]
INFO: [ app_begin ] --END-- [ RunTime:0.001783s ]
NOTIC: [2] array_walk_recursive() expects parameter 2 to be a valid callback, function 'filter_exp' not found or invalid function name C:\wamp\www\System\ThinkPHP\Common\common.php 第 109 行.
NOTIC: [2] array_walk_recursive() expects parameter 2 to be a valid callback, function 'filter_exp' not found or invalid function name C:\wamp\www\System\ThinkPHP\Common\common.php 第 109 行.
SQL: SHOW COLUMNS FROM `t_user` [ RunTime:0.007622s ]
NOTIC: [2] array_walk_recursive() expects parameter 2 to be a valid callback, function 'filter_exp' not found or invalid function name C:\wamp\www\System\ThinkPHP\Common\common.php 第 109 行.
SQL: SELECT * FROM `t_user` WHERE ( `USER_NAME` = 'ykl' ) LIMIT 1   [ RunTime:0.000938s ]
SQL: SHOW COLUMNS FROM `t_log` [ RunTime:0.007082s ]
SQL: INSERT INTO `t_log` (`USER_ID`,`USER_NAME`,`LOG_IP`,`EVENT_TIME`,`EVENT_DESC`) VALUES (7,'ykl','127.0.0.1',1420732260,'ykl登录了系统') [ RunTime:0.002868s ]
NOTIC: [8] Use of undefined constant DEPT_ID - assumed 'DEPT_ID' C:\wamp\www\System\Admin\Lib\Action\IndexAction.class.php 第 36 行.
NOTIC: [8] Use of undefined constant DEPT_ID - assumed 'DEPT_ID' C:\wamp\www\System\Admin\Lib\Action\IndexAction.class.php 第 38 行.
NOTIC: [8] Use of undefined constant DEPT_ID - assumed 'DEPT_ID' C:\wamp\www\System\Admin\Lib\Action\IndexAction.class.php 第 40 行.

[ 2015-01-08T23:51:00+08:00 ] 127.0.0.1 /System/admin.php/PRM/PRM.html
INFO: [ route_check ] --START--
INFO: CheckRoute Behavior ::run [ RunTime:0.002035s ]
INFO: [ route_check ] --END-- [ RunTime:0.002295s ]
NOTIC: [2] array_walk_recursive() expects parameter 2 to be a valid callback, function 'filter_exp' not found or invalid function name C:\wamp\www\System\ThinkPHP\Lib\Core\App.class.php 第 56 行.
NOTIC: [2] array_walk_recursive() expects parameter 2 to be a valid callback, function 'filter_exp' not found or invalid function name C:\wamp\www\System\ThinkPHP\Lib\Core\App.class.php 第 57 行.
INFO: [ app_begin ] --START--
INFO: ReadHtmlCache Behavior ::run [ RunTime:0.001249s ]
INFO: [ app_begin ] --END-- [ RunTime:0.001518s ]
NOTIC: [8] Constant THEME_NAME already defined C:\wamp\www\System\ThinkPHP\Lib\Core\View.class.php 第 223 行.
NOTIC: [8] Constant THEME_PATH already defined C:\wamp\www\System\ThinkPHP\Lib\Core\View.class.php 第 174 行.
NOTIC: [8] Constant APP_TMPL_PATH already defined C:\wamp\www\System\ThinkPHP\Lib\Core\View.class.php 第 175 行.
INFO: [ view_parse ] --START--
INFO: ParseTemplate Behavior ::run [ RunTime:0.028108s ]
INFO: [ view_parse ] --END-- [ RunTime:0.028585s ]
INFO: [ view_filter ] --START--
INFO: ContentReplace Behavior ::run [ RunTime:0.001454s ]
INFO: TokenBuild Behavior ::run [ RunTime:0.001693s ]
INFO: WriteHtmlCache Behavior ::run [ RunTime:0.001035s ]
INFO: ShowRuntime Behavior ::run [ RunTime:0.001448s ]
INFO: [ view_filter ] --END-- [ RunTime:0.006199s ]
INFO: [ view_end ] --START--
INFO: ShowPageTrace Behavior ::run [ RunTime:0.001633s ]
INFO: [ view_end ] --END-- [ RunTime:0.001856s ]

[ 2015-01-08T23:51:01+08:00 ] 127.0.0.1 /System/admin.php/PRM/top
INFO: [ route_check ] --START--
INFO: CheckRoute Behavior ::run [ RunTime:0.001799s ]
INFO: [ route_check ] --END-- [ RunTime:0.002036s ]
NOTIC: [2] array_walk_recursive() expects parameter 2 to be a valid callback, function 'filter_exp' not found or invalid function name C:\wamp\www\System\ThinkPHP\Lib\Core\App.class.php 第 56 行.
NOTIC: [2] array_walk_recursive() expects parameter 2 to be a valid callback, function 'filter_exp' not found or invalid function name C:\wamp\www\System\ThinkPHP\Lib\Core\App.class.php 第 57 行.
INFO: [ app_begin ] --START--
INFO: ReadHtmlCache Behavior ::run [ RunTime:0.001570s ]
INFO: [ app_begin ] --END-- [ RunTime:0.001795s ]
INFO: [ view_parse ] --START--
INFO: ParseTemplate Behavior ::run [ RunTime:0.048780s ]
INFO: [ view_parse ] --END-- [ RunTime:0.049052s ]
INFO: [ view_filter ] --START--
INFO: ContentReplace Behavior ::run [ RunTime:0.001411s ]
INFO: TokenBuild Behavior ::run [ RunTime:0.001305s ]
INFO: WriteHtmlCache Behavior ::run [ RunTime:0.001502s ]
INFO: ShowRuntime Behavior ::run [ RunTime:0.001450s ]
INFO: [ view_filter ] --END-- [ RunTime:0.006282s ]
INFO: [ view_end ] --START--
INFO: ShowPageTrace Behavior ::run [ RunTime:0.001671s ]
INFO: [ view_end ] --END-- [ RunTime:0.001881s ]

[ 2015-01-08T23:51:01+08:00 ] 127.0.0.1 /System/admin.php/PRM/left
INFO: [ route_check ] --START--
INFO: CheckRoute Behavior ::run [ RunTime:0.001823s ]
INFO: [ route_check ] --END-- [ RunTime:0.002106s ]
NOTIC: [2] array_walk_recursive() expects parameter 2 to be a valid callback, function 'filter_exp' not found or invalid function name C:\wamp\www\System\ThinkPHP\Lib\Core\App.class.php 第 56 行.
NOTIC: [2] array_walk_recursive() expects parameter 2 to be a valid callback, function 'filter_exp' not found or invalid function name C:\wamp\www\System\ThinkPHP\Lib\Core\App.class.php 第 57 行.
INFO: [ app_begin ] --START--
INFO: ReadHtmlCache Behavior ::run [ RunTime:0.002289s ]
INFO: [ app_begin ] --END-- [ RunTime:0.002519s ]
INFO: [ view_parse ] --START--
INFO: ParseTemplate Behavior ::run [ RunTime:0.031399s ]
INFO: [ view_parse ] --END-- [ RunTime:0.031775s ]
INFO: [ view_filter ] --START--
INFO: ContentReplace Behavior ::run [ RunTime:0.001199s ]
INFO: TokenBuild Behavior ::run [ RunTime:0.001371s ]
INFO: WriteHtmlCache Behavior ::run [ RunTime:0.000870s ]
INFO: ShowRuntime Behavior ::run [ RunTime:0.001219s ]
INFO: [ view_filter ] --END-- [ RunTime:0.005206s ]
INFO: [ view_end ] --START--
INFO: ShowPageTrace Behavior ::run [ RunTime:0.001958s ]
INFO: [ view_end ] --END-- [ RunTime:0.002240s ]

[ 2015-01-08T23:51:01+08:00 ] 127.0.0.1 /System/admin.php/PRM/right
INFO: [ route_check ] --START--
INFO: CheckRoute Behavior ::run [ RunTime:0.002510s ]
INFO: [ route_check ] --END-- [ RunTime:0.002751s ]
NOTIC: [2] array_walk_recursive() expects parameter 2 to be a valid callback, function 'filter_exp' not found or invalid function name C:\wamp\www\System\ThinkPHP\Lib\Core\App.class.php 第 56 行.
NOTIC: [2] array_walk_recursive() expects parameter 2 to be a valid callback, function 'filter_exp' not found or invalid function name C:\wamp\www\System\ThinkPHP\Lib\Core\App.class.php 第 57 行.
INFO: [ app_begin ] --START--
INFO: ReadHtmlCache Behavior ::run [ RunTime:0.004332s ]
INFO: [ app_begin ] --END-- [ RunTime:0.004597s ]
INFO: [ view_parse ] --START--
INFO: ParseTemplate Behavior ::run [ RunTime:0.020085s ]
INFO: [ view_parse ] --END-- [ RunTime:0.020428s ]
INFO: [ view_filter ] --START--
INFO: ContentReplace Behavior ::run [ RunTime:0.001368s ]
INFO: TokenBuild Behavior ::run [ RunTime:0.001861s ]
INFO: WriteHtmlCache Behavior ::run [ RunTime:0.001156s ]
INFO: ShowRuntime Behavior ::run [ RunTime:0.001448s ]
INFO: [ view_filter ] --END-- [ RunTime:0.006455s ]
INFO: [ view_end ] --START--
INFO: ShowPageTrace Behavior ::run [ RunTime:0.003416s ]
INFO: [ view_end ] --END-- [ RunTime:0.003691s ]

[ 2015-01-08T23:51:01+08:00 ] 127.0.0.1 /System/admin.php/PRM/bottom
INFO: [ route_check ] --START--
INFO: CheckRoute Behavior ::run [ RunTime:0.002489s ]
INFO: [ route_check ] --END-- [ RunTime:0.002769s ]
NOTIC: [2] array_walk_recursive() expects parameter 2 to be a valid callback, function 'filter_exp' not found or invalid function name C:\wamp\www\System\ThinkPHP\Lib\Core\App.class.php 第 56 行.
NOTIC: [2] array_walk_recursive() expects parameter 2 to be a valid callback, function 'filter_exp' not found or invalid function name C:\wamp\www\System\ThinkPHP\Lib\Core\App.class.php 第 57 行.
INFO: [ app_begin ] --START--
INFO: ReadHtmlCache Behavior ::run [ RunTime:0.001756s ]
INFO: [ app_begin ] --END-- [ RunTime:0.001992s ]
NOTIC: [8] Constant THEME_NAME already defined C:\wamp\www\System\ThinkPHP\Lib\Core\View.class.php 第 223 行.
NOTIC: [8] Constant THEME_PATH already defined C:\wamp\www\System\ThinkPHP\Lib\Core\View.class.php 第 174 行.
NOTIC: [8] Constant APP_TMPL_PATH already defined C:\wamp\www\System\ThinkPHP\Lib\Core\View.class.php 第 175 行.
INFO: [ view_parse ] --START--
INFO: ParseTemplate Behavior ::run [ RunTime:0.047969s ]
INFO: [ view_parse ] --END-- [ RunTime:0.048247s ]
INFO: [ view_filter ] --START--
INFO: ContentReplace Behavior ::run [ RunTime:0.001428s ]
INFO: TokenBuild Behavior ::run [ RunTime:0.001523s ]
INFO: WriteHtmlCache Behavior ::run [ RunTime:0.002015s ]
INFO: ShowRuntime Behavior ::run [ RunTime:0.001805s ]
INFO: [ view_filter ] --END-- [ RunTime:0.007362s ]
INFO: [ view_end ] --START--
INFO: ShowPageTrace Behavior ::run [ RunTime:0.002057s ]
INFO: [ view_end ] --END-- [ RunTime:0.002236s ]

[ 2015-01-08T23:51:02+08:00 ] 127.0.0.1 /System/admin.php/PRM/FilesSubmit
INFO: [ route_check ] --START--
INFO: CheckRoute Behavior ::run [ RunTime:0.001691s ]
INFO: [ route_check ] --END-- [ RunTime:0.001935s ]
NOTIC: [2] array_walk_recursive() expects parameter 2 to be a valid callback, function 'filter_exp' not found or invalid function name C:\wamp\www\System\ThinkPHP\Lib\Core\App.class.php 第 56 行.
NOTIC: [2] array_walk_recursive() expects parameter 2 to be a valid callback, function 'filter_exp' not found or invalid function name C:\wamp\www\System\ThinkPHP\Lib\Core\App.class.php 第 57 行.
INFO: [ app_begin ] --START--
INFO: ReadHtmlCache Behavior ::run [ RunTime:0.001482s ]
INFO: [ app_begin ] --END-- [ RunTime:0.001692s ]
SQL: SHOW COLUMNS FROM `t_archive_info` [ RunTime:0.009901s ]
SQL: SELECT * FROM `t_archive_info`  [ RunTime:0.000987s ]
INFO: [ view_parse ] --START--
INFO: ParseTemplate Behavior ::run [ RunTime:0.074731s ]
INFO: [ view_parse ] --END-- [ RunTime:0.075023s ]
INFO: [ view_filter ] --START--
INFO: ContentReplace Behavior ::run [ RunTime:0.001041s ]
INFO: TokenBuild Behavior ::run [ RunTime:0.001190s ]
INFO: WriteHtmlCache Behavior ::run [ RunTime:0.000877s ]
INFO: ShowRuntime Behavior ::run [ RunTime:0.001150s ]
INFO: [ view_filter ] --END-- [ RunTime:0.004842s ]
INFO: [ view_end ] --START--
INFO: ShowPageTrace Behavior ::run [ RunTime:0.002580s ]
INFO: [ view_end ] --END-- [ RunTime:0.002887s ]

[ 2015-01-08T23:51:04+08:00 ] 127.0.0.1 /System/admin.php/PRM/FilesrecordingAdd
INFO: [ route_check ] --START--
INFO: CheckRoute Behavior ::run [ RunTime:0.001664s ]
INFO: [ route_check ] --END-- [ RunTime:0.001909s ]
NOTIC: [2] array_walk_recursive() expects parameter 2 to be a valid callback, function 'filter_exp' not found or invalid function name C:\wamp\www\System\ThinkPHP\Lib\Core\App.class.php 第 56 行.
NOTIC: [2] array_walk_recursive() expects parameter 2 to be a valid callback, function 'filter_exp' not found or invalid function name C:\wamp\www\System\ThinkPHP\Lib\Core\App.class.php 第 57 行.
INFO: [ app_begin ] --START--
INFO: ReadHtmlCache Behavior ::run [ RunTime:0.001240s ]
INFO: [ app_begin ] --END-- [ RunTime:0.001886s ]
INFO: [ view_parse ] --START--
INFO: ParseTemplate Behavior ::run [ RunTime:0.049811s ]
INFO: [ view_parse ] --END-- [ RunTime:0.050115s ]
INFO: [ view_filter ] --START--
INFO: ContentReplace Behavior ::run [ RunTime:0.001079s ]
INFO: TokenBuild Behavior ::run [ RunTime:0.001020s ]
INFO: WriteHtmlCache Behavior ::run [ RunTime:0.000753s ]
INFO: ShowRuntime Behavior ::run [ RunTime:0.001394s ]
INFO: [ view_filter ] --END-- [ RunTime:0.004909s ]
INFO: [ view_end ] --START--
INFO: ShowPageTrace Behavior ::run [ RunTime:0.001742s ]
INFO: [ view_end ] --END-- [ RunTime:0.002001s ]

[ 2015-01-08T23:51:52+08:00 ] 127.0.0.1 /System/admin.php/Manger/exit1.html
INFO: [ route_check ] --START--
INFO: CheckRoute Behavior ::run [ RunTime:0.001812s ]
INFO: [ route_check ] --END-- [ RunTime:0.002089s ]
NOTIC: [2] array_walk_recursive() expects parameter 2 to be a valid callback, function 'filter_exp' not found or invalid function name C:\wamp\www\System\ThinkPHP\Lib\Core\App.class.php 第 56 行.
NOTIC: [2] array_walk_recursive() expects parameter 2 to be a valid callback, function 'filter_exp' not found or invalid function name C:\wamp\www\System\ThinkPHP\Lib\Core\App.class.php 第 57 行.
INFO: [ app_begin ] --START--
INFO: ReadHtmlCache Behavior ::run [ RunTime:0.001420s ]
INFO: [ app_begin ] --END-- [ RunTime:0.001769s ]

[ 2015-01-08T23:51:52+08:00 ] 127.0.0.1 /System/admin.php/Index/Index.html
INFO: [ route_check ] --START--
INFO: CheckRoute Behavior ::run [ RunTime:0.001840s ]
INFO: [ route_check ] --END-- [ RunTime:0.002089s ]
NOTIC: [2] array_walk_recursive() expects parameter 2 to be a valid callback, function 'filter_exp' not found or invalid function name C:\wamp\www\System\ThinkPHP\Lib\Core\App.class.php 第 56 行.
NOTIC: [2] array_walk_recursive() expects parameter 2 to be a valid callback, function 'filter_exp' not found or invalid function name C:\wamp\www\System\ThinkPHP\Lib\Core\App.class.php 第 57 行.
INFO: [ app_begin ] --START--
INFO: ReadHtmlCache Behavior ::run [ RunTime:0.001391s ]
INFO: [ app_begin ] --END-- [ RunTime:0.001613s ]
INFO: [ view_parse ] --START--
INFO: ParseTemplate Behavior ::run [ RunTime:0.016479s ]
INFO: [ view_parse ] --END-- [ RunTime:0.016735s ]
INFO: [ view_filter ] --START--
INFO: ContentReplace Behavior ::run [ RunTime:0.001136s ]
INFO: TokenBuild Behavior ::run [ RunTime:0.001016s ]
INFO: WriteHtmlCache Behavior ::run [ RunTime:0.000919s ]
INFO: ShowRuntime Behavior ::run [ RunTime:0.001365s ]
INFO: [ view_filter ] --END-- [ RunTime:0.005124s ]
INFO: [ view_end ] --START--
INFO: ShowPageTrace Behavior ::run [ RunTime:0.001501s ]
INFO: [ view_end ] --END-- [ RunTime:0.001744s ]

[ 2015-01-08T23:51:52+08:00 ] 127.0.0.1 /System/admin.php/Index/verify/
INFO: [ route_check ] --START--
INFO: CheckRoute Behavior ::run [ RunTime:0.001758s ]
INFO: [ route_check ] --END-- [ RunTime:0.002016s ]
NOTIC: [2] array_walk_recursive() expects parameter 2 to be a valid callback, function 'filter_exp' not found or invalid function name C:\wamp\www\System\ThinkPHP\Lib\Core\App.class.php 第 56 行.
NOTIC: [2] array_walk_recursive() expects parameter 2 to be a valid callback, function 'filter_exp' not found or invalid function name C:\wamp\www\System\ThinkPHP\Lib\Core\App.class.php 第 57 行.
INFO: [ app_begin ] --START--
INFO: ReadHtmlCache Behavior ::run [ RunTime:0.002194s ]
INFO: [ app_begin ] --END-- [ RunTime:0.002378s ]

[ 2015-01-08T23:51:57+08:00 ] 127.0.0.1 /System/admin.php/Index/login.html
INFO: [ route_check ] --START--
INFO: CheckRoute Behavior ::run [ RunTime:0.001665s ]
INFO: [ route_check ] --END-- [ RunTime:0.001992s ]
NOTIC: [2] array_walk_recursive() expects parameter 2 to be a valid callback, function 'filter_exp' not found or invalid function name C:\wamp\www\System\ThinkPHP\Lib\Core\App.class.php 第 56 行.
NOTIC: [2] array_walk_recursive() expects parameter 2 to be a valid callback, function 'filter_exp' not found or invalid function name C:\wamp\www\System\ThinkPHP\Lib\Core\App.class.php 第 57 行.
INFO: [ app_begin ] --START--
INFO: ReadHtmlCache Behavior ::run [ RunTime:0.001393s ]
INFO: [ app_begin ] --END-- [ RunTime:0.001588s ]
NOTIC: [2] array_walk_recursive() expects parameter 2 to be a valid callback, function 'filter_exp' not found or invalid function name C:\wamp\www\System\ThinkPHP\Common\common.php 第 109 行.
NOTIC: [2] array_walk_recursive() expects parameter 2 to be a valid callback, function 'filter_exp' not found or invalid function name C:\wamp\www\System\ThinkPHP\Common\common.php 第 109 行.
SQL: SHOW COLUMNS FROM `t_user` [ RunTime:0.007845s ]
NOTIC: [2] array_walk_recursive() expects parameter 2 to be a valid callback, function 'filter_exp' not found or invalid function name C:\wamp\www\System\ThinkPHP\Common\common.php 第 109 行.
SQL: SELECT * FROM `t_user` WHERE ( `USER_NAME` = 'admin' ) LIMIT 1   [ RunTime:0.000503s ]
SQL: SHOW COLUMNS FROM `t_log` [ RunTime:0.006801s ]
SQL: INSERT INTO `t_log` (`USER_ID`,`USER_NAME`,`LOG_IP`,`EVENT_TIME`,`EVENT_DESC`) VALUES (1,'admin','127.0.0.1',1420732317,'admin登录了系统') [ RunTime:0.003766s ]
NOTIC: [8] Use of undefined constant DEPT_ID - assumed 'DEPT_ID' C:\wamp\www\System\Admin\Lib\Action\IndexAction.class.php 第 36 行.
INFO: [ view_parse ] --START--
INFO: ParseTemplate Behavior ::run [ RunTime:0.015903s ]
INFO: [ view_parse ] --END-- [ RunTime:0.016140s ]
INFO: [ view_filter ] --START--
INFO: ContentReplace Behavior ::run [ RunTime:0.001448s ]
INFO: TokenBuild Behavior ::run [ RunTime:0.001364s ]
INFO: WriteHtmlCache Behavior ::run [ RunTime:0.000795s ]
INFO: ShowRuntime Behavior ::run [ RunTime:0.001247s ]
INFO: [ view_filter ] --END-- [ RunTime:0.005476s ]
INFO: [ view_end ] --START--
INFO: ShowPageTrace Behavior ::run [ RunTime:0.001308s ]
INFO: [ view_end ] --END-- [ RunTime:0.001483s ]

[ 2015-01-08T23:51:57+08:00 ] 127.0.0.1 /System/admin.php/Index/top
INFO: [ route_check ] --START--
INFO: CheckRoute Behavior ::run [ RunTime:0.001812s ]
INFO: [ route_check ] --END-- [ RunTime:0.002074s ]
NOTIC: [2] array_walk_recursive() expects parameter 2 to be a valid callback, function 'filter_exp' not found or invalid function name C:\wamp\www\System\ThinkPHP\Lib\Core\App.class.php 第 56 行.
NOTIC: [2] array_walk_recursive() expects parameter 2 to be a valid callback, function 'filter_exp' not found or invalid function name C:\wamp\www\System\ThinkPHP\Lib\Core\App.class.php 第 57 行.
INFO: [ app_begin ] --START--
INFO: ReadHtmlCache Behavior ::run [ RunTime:0.001655s ]
INFO: [ app_begin ] --END-- [ RunTime:0.001830s ]
INFO: [ view_parse ] --START--
INFO: ParseTemplate Behavior ::run [ RunTime:0.022885s ]
INFO: [ view_parse ] --END-- [ RunTime:0.023152s ]
INFO: [ view_filter ] --START--
INFO: ContentReplace Behavior ::run [ RunTime:0.001222s ]
INFO: TokenBuild Behavior ::run [ RunTime:0.001369s ]
INFO: WriteHtmlCache Behavior ::run [ RunTime:0.001061s ]
INFO: ShowRuntime Behavior ::run [ RunTime:0.001313s ]
INFO: [ view_filter ] --END-- [ RunTime:0.005770s ]
INFO: [ view_end ] --START--
INFO: ShowPageTrace Behavior ::run [ RunTime:0.002000s ]
INFO: [ view_end ] --END-- [ RunTime:0.002168s ]

[ 2015-01-08T23:51:57+08:00 ] 127.0.0.1 /System/admin.php/Index/left
INFO: [ route_check ] --START--
INFO: CheckRoute Behavior ::run [ RunTime:0.002102s ]
INFO: [ route_check ] --END-- [ RunTime:0.002516s ]
NOTIC: [2] array_walk_recursive() expects parameter 2 to be a valid callback, function 'filter_exp' not found or invalid function name C:\wamp\www\System\ThinkPHP\Lib\Core\App.class.php 第 56 行.
NOTIC: [2] array_walk_recursive() expects parameter 2 to be a valid callback, function 'filter_exp' not found or invalid function name C:\wamp\www\System\ThinkPHP\Lib\Core\App.class.php 第 57 行.
INFO: [ app_begin ] --START--
INFO: ReadHtmlCache Behavior ::run [ RunTime:0.001639s ]
INFO: [ app_begin ] --END-- [ RunTime:0.001844s ]
INFO: [ view_parse ] --START--
INFO: ParseTemplate Behavior ::run [ RunTime:0.026826s ]
INFO: [ view_parse ] --END-- [ RunTime:0.027082s ]
INFO: [ view_filter ] --START--
INFO: ContentReplace Behavior ::run [ RunTime:0.004470s ]
INFO: TokenBuild Behavior ::run [ RunTime:0.001522s ]
INFO: WriteHtmlCache Behavior ::run [ RunTime:0.001052s ]
INFO: ShowRuntime Behavior ::run [ RunTime:0.001493s ]
INFO: [ view_filter ] --END-- [ RunTime:0.009243s ]
INFO: [ view_end ] --START--
INFO: ShowPageTrace Behavior ::run [ RunTime:0.001901s ]
INFO: [ view_end ] --END-- [ RunTime:0.002158s ]

[ 2015-01-08T23:51:57+08:00 ] 127.0.0.1 /System/admin.php/Index/main
INFO: [ route_check ] --START--
INFO: CheckRoute Behavior ::run [ RunTime:0.003109s ]
INFO: [ route_check ] --END-- [ RunTime:0.003716s ]
NOTIC: [2] array_walk_recursive() expects parameter 2 to be a valid callback, function 'filter_exp' not found or invalid function name C:\wamp\www\System\ThinkPHP\Lib\Core\App.class.php 第 56 行.
NOTIC: [2] array_walk_recursive() expects parameter 2 to be a valid callback, function 'filter_exp' not found or invalid function name C:\wamp\www\System\ThinkPHP\Lib\Core\App.class.php 第 57 行.
INFO: [ app_begin ] --START--
INFO: ReadHtmlCache Behavior ::run [ RunTime:0.001678s ]
INFO: [ app_begin ] --END-- [ RunTime:0.001942s ]
NOTIC: [8] Constant THEME_NAME already defined C:\wamp\www\System\ThinkPHP\Lib\Core\View.class.php 第 223 行.
NOTIC: [8] Constant THEME_PATH already defined C:\wamp\www\System\ThinkPHP\Lib\Core\View.class.php 第 174 行.
NOTIC: [8] Constant APP_TMPL_PATH already defined C:\wamp\www\System\ThinkPHP\Lib\Core\View.class.php 第 175 行.
INFO: [ view_parse ] --START--
INFO: ParseTemplate Behavior ::run [ RunTime:0.016046s ]
INFO: [ view_parse ] --END-- [ RunTime:0.016270s ]
INFO: [ view_filter ] --START--
INFO: ContentReplace Behavior ::run [ RunTime:0.001396s ]
INFO: TokenBuild Behavior ::run [ RunTime:0.001403s ]
INFO: WriteHtmlCache Behavior ::run [ RunTime:0.000843s ]
INFO: ShowRuntime Behavior ::run [ RunTime:0.001274s ]
INFO: [ view_filter ] --END-- [ RunTime:0.005659s ]
INFO: [ view_end ] --START--
INFO: ShowPageTrace Behavior ::run [ RunTime:0.001417s ]
INFO: [ view_end ] --END-- [ RunTime:0.001614s ]

[ 2015-01-08T23:51:57+08:00 ] 127.0.0.1 /System/admin.php/Index/bottom
INFO: [ route_check ] --START--
INFO: CheckRoute Behavior ::run [ RunTime:0.001892s ]
INFO: [ route_check ] --END-- [ RunTime:0.002194s ]
NOTIC: [2] array_walk_recursive() expects parameter 2 to be a valid callback, function 'filter_exp' not found or invalid function name C:\wamp\www\System\ThinkPHP\Lib\Core\App.class.php 第 56 行.
NOTIC: [2] array_walk_recursive() expects parameter 2 to be a valid callback, function 'filter_exp' not found or invalid function name C:\wamp\www\System\ThinkPHP\Lib\Core\App.class.php 第 57 行.
INFO: [ app_begin ] --START--
INFO: ReadHtmlCache Behavior ::run [ RunTime:0.001808s ]
INFO: [ app_begin ] --END-- [ RunTime:0.002210s ]
NOTIC: [8] Constant THEME_NAME already defined C:\wamp\www\System\ThinkPHP\Lib\Core\View.class.php 第 223 行.
NOTIC: [8] Constant THEME_PATH already defined C:\wamp\www\System\ThinkPHP\Lib\Core\View.class.php 第 174 行.
NOTIC: [8] Constant APP_TMPL_PATH already defined C:\wamp\www\System\ThinkPHP\Lib\Core\View.class.php 第 175 行.
INFO: [ view_parse ] --START--
INFO: ParseTemplate Behavior ::run [ RunTime:0.017297s ]
INFO: [ view_parse ] --END-- [ RunTime:0.017688s ]
INFO: [ view_filter ] --START--
INFO: ContentReplace Behavior ::run [ RunTime:0.002506s ]
INFO: TokenBuild Behavior ::run [ RunTime:0.001248s ]
INFO: WriteHtmlCache Behavior ::run [ RunTime:0.000798s ]
INFO: ShowRuntime Behavior ::run [ RunTime:0.001932s ]
INFO: [ view_filter ] --END-- [ RunTime:0.007336s ]
INFO: [ view_end ] --START--
INFO: ShowPageTrace Behavior ::run [ RunTime:0.001982s ]
INFO: [ view_end ] --END-- [ RunTime:0.002315s ]

[ 2015-01-08T23:51:59+08:00 ] 127.0.0.1 /System/admin.php/Index/LogManagement
INFO: [ route_check ] --START--
INFO: CheckRoute Behavior ::run [ RunTime:0.001718s ]
INFO: [ route_check ] --END-- [ RunTime:0.002022s ]
NOTIC: [2] array_walk_recursive() expects parameter 2 to be a valid callback, function 'filter_exp' not found or invalid function name C:\wamp\www\System\ThinkPHP\Lib\Core\App.class.php 第 56 行.
NOTIC: [2] array_walk_recursive() expects parameter 2 to be a valid callback, function 'filter_exp' not found or invalid function name C:\wamp\www\System\ThinkPHP\Lib\Core\App.class.php 第 57 行.
INFO: [ app_begin ] --START--
INFO: ReadHtmlCache Behavior ::run [ RunTime:0.001580s ]
INFO: [ app_begin ] --END-- [ RunTime:0.001758s ]
SQL: SHOW COLUMNS FROM `t_log` [ RunTime:0.006594s ]
SQL: SELECT * FROM `t_log` WHERE ( `USER_ID` = 1 )  [ RunTime:0.000861s ]
INFO: [ view_parse ] --START--
INFO: ParseTemplate Behavior ::run [ RunTime:0.030350s ]
INFO: [ view_parse ] --END-- [ RunTime:0.030603s ]
INFO: [ view_filter ] --START--
INFO: ContentReplace Behavior ::run [ RunTime:0.001043s ]
INFO: TokenBuild Behavior ::run [ RunTime:0.000979s ]
INFO: WriteHtmlCache Behavior ::run [ RunTime:0.000706s ]
INFO: ShowRuntime Behavior ::run [ RunTime:0.001168s ]
INFO: [ view_filter ] --END-- [ RunTime:0.004411s ]
INFO: [ view_end ] --START--
INFO: ShowPageTrace Behavior ::run [ RunTime:0.001384s ]
INFO: [ view_end ] --END-- [ RunTime:0.001612s ]

[ 2015-01-08T23:52:02+08:00 ] 127.0.0.1 /System/admin.php/Index/RightsList
INFO: [ route_check ] --START--
INFO: CheckRoute Behavior ::run [ RunTime:0.002006s ]
INFO: [ route_check ] --END-- [ RunTime:0.002226s ]
NOTIC: [2] array_walk_recursive() expects parameter 2 to be a valid callback, function 'filter_exp' not found or invalid function name C:\wamp\www\System\ThinkPHP\Lib\Core\App.class.php 第 56 行.
NOTIC: [2] array_walk_recursive() expects parameter 2 to be a valid callback, function 'filter_exp' not found or invalid function name C:\wamp\www\System\ThinkPHP\Lib\Core\App.class.php 第 57 行.
INFO: [ app_begin ] --START--
INFO: ReadHtmlCache Behavior ::run [ RunTime:0.001393s ]
INFO: [ app_begin ] --END-- [ RunTime:0.001625s ]
SQL: SHOW COLUMNS FROM `t_user` [ RunTime:0.007244s ]
SQL: SELECT * FROM `t_user`  [ RunTime:0.000829s ]
INFO: [ view_parse ] --START--
INFO: ParseTemplate Behavior ::run [ RunTime:0.053935s ]
INFO: [ view_parse ] --END-- [ RunTime:0.054185s ]
INFO: [ view_filter ] --START--
INFO: ContentReplace Behavior ::run [ RunTime:0.001388s ]
INFO: TokenBuild Behavior ::run [ RunTime:0.001569s ]
INFO: WriteHtmlCache Behavior ::run [ RunTime:0.000927s ]
INFO: ShowRuntime Behavior ::run [ RunTime:0.001443s ]
INFO: [ view_filter ] --END-- [ RunTime:0.005962s ]
INFO: [ view_end ] --START--
INFO: ShowPageTrace Behavior ::run [ RunTime:0.001484s ]
INFO: [ view_end ] --END-- [ RunTime:0.001714s ]

[ 2015-01-08T23:52:02+08:00 ] 127.0.0.1 /System/admin.php/Index/RightsAssignment
INFO: [ route_check ] --START--
INFO: CheckRoute Behavior ::run [ RunTime:0.001817s ]
INFO: [ route_check ] --END-- [ RunTime:0.002086s ]
NOTIC: [2] array_walk_recursive() expects parameter 2 to be a valid callback, function 'filter_exp' not found or invalid function name C:\wamp\www\System\ThinkPHP\Lib\Core\App.class.php 第 56 行.
NOTIC: [2] array_walk_recursive() expects parameter 2 to be a valid callback, function 'filter_exp' not found or invalid function name C:\wamp\www\System\ThinkPHP\Lib\Core\App.class.php 第 57 行.
INFO: [ app_begin ] --START--
INFO: ReadHtmlCache Behavior ::run [ RunTime:0.001378s ]
INFO: [ app_begin ] --END-- [ RunTime:0.001544s ]
SQL: SHOW COLUMNS FROM `t_group` [ RunTime:0.006775s ]
SQL: SELECT * FROM `t_group`  [ RunTime:0.000368s ]
INFO: [ view_parse ] --START--
NOTIC: [8] Undefined variable: nameErr C:\wamp\www\System\Admin\Runtime\Cache\3fd8fee2c49cd442f8c56a3900a3813e.php 第 36 行.
NOTIC: [8] Undefined variable: nameErr C:\wamp\www\System\Admin\Runtime\Cache\3fd8fee2c49cd442f8c56a3900a3813e.php 第 39 行.
NOTIC: [8] Undefined variable: nameErr C:\wamp\www\System\Admin\Runtime\Cache\3fd8fee2c49cd442f8c56a3900a3813e.php 第 41 行.
NOTIC: [8] Undefined variable: depart C:\wamp\www\System\Admin\Runtime\Cache\3fd8fee2c49cd442f8c56a3900a3813e.php 第 48 行.
INFO: ParseTemplate Behavior ::run [ RunTime:0.021711s ]
INFO: [ view_parse ] --END-- [ RunTime:0.021937s ]
INFO: [ view_filter ] --START--
INFO: ContentReplace Behavior ::run [ RunTime:0.001413s ]
INFO: TokenBuild Behavior ::run [ RunTime:0.000990s ]
INFO: WriteHtmlCache Behavior ::run [ RunTime:0.000734s ]
INFO: ShowRuntime Behavior ::run [ RunTime:0.001218s ]
INFO: [ view_filter ] --END-- [ RunTime:0.004897s ]
INFO: [ view_end ] --START--
INFO: ShowPageTrace Behavior ::run [ RunTime:0.002039s ]
INFO: [ view_end ] --END-- [ RunTime:0.002227s ]

[ 2015-01-08T23:52:24+08:00 ] 127.0.0.1 /System/admin.php/Index/RightsAssignment
INFO: [ route_check ] --START--
INFO: CheckRoute Behavior ::run [ RunTime:0.002027s ]
INFO: [ route_check ] --END-- [ RunTime:0.002319s ]
NOTIC: [2] array_walk_recursive() expects parameter 2 to be a valid callback, function 'filter_exp' not found or invalid function name C:\wamp\www\System\ThinkPHP\Lib\Core\App.class.php 第 56 行.
NOTIC: [2] array_walk_recursive() expects parameter 2 to be a valid callback, function 'filter_exp' not found or invalid function name C:\wamp\www\System\ThinkPHP\Lib\Core\App.class.php 第 57 行.
INFO: [ app_begin ] --START--
INFO: ReadHtmlCache Behavior ::run [ RunTime:0.001424s ]
INFO: [ app_begin ] --END-- [ RunTime:0.001658s ]
SQL: SHOW COLUMNS FROM `t_group` [ RunTime:0.007251s ]
SQL: SELECT * FROM `t_group`  [ RunTime:0.000584s ]
SQL: SHOW COLUMNS FROM `t_department` [ RunTime:0.006799s ]
SQL: SELECT * FROM `t_department`  [ RunTime:0.000550s ]
INFO: [ view_parse ] --START--
NOTIC: [8] Undefined variable: nameErr C:\wamp\www\System\Admin\Runtime\Cache\3fd8fee2c49cd442f8c56a3900a3813e.php 第 36 行.
NOTIC: [8] Undefined variable: nameErr C:\wamp\www\System\Admin\Runtime\Cache\3fd8fee2c49cd442f8c56a3900a3813e.php 第 39 行.
NOTIC: [8] Undefined variable: nameErr C:\wamp\www\System\Admin\Runtime\Cache\3fd8fee2c49cd442f8c56a3900a3813e.php 第 41 行.
INFO: ParseTemplate Behavior ::run [ RunTime:0.021853s ]
INFO: [ view_parse ] --END-- [ RunTime:0.022054s ]
INFO: [ view_filter ] --START--
INFO: ContentReplace Behavior ::run [ RunTime:0.001058s ]
INFO: TokenBuild Behavior ::run [ RunTime:0.001205s ]
INFO: WriteHtmlCache Behavior ::run [ RunTime:0.000914s ]
INFO: ShowRuntime Behavior ::run [ RunTime:0.001494s ]
INFO: [ view_filter ] --END-- [ RunTime:0.005200s ]
INFO: [ view_end ] --START--
INFO: ShowPageTrace Behavior ::run [ RunTime:0.001604s ]
INFO: [ view_end ] --END-- [ RunTime:0.001816s ]

[ 2015-01-08T23:54:51+08:00 ] 127.0.0.1 /System/admin.php/Index/RightsList
INFO: [ route_check ] --START--
INFO: CheckRoute Behavior ::run [ RunTime:0.002524s ]
INFO: [ route_check ] --END-- [ RunTime:0.002803s ]
NOTIC: [2] array_walk_recursive() expects parameter 2 to be a valid callback, function 'filter_exp' not found or invalid function name C:\wamp\www\System\ThinkPHP\Lib\Core\App.class.php 第 56 行.
NOTIC: [2] array_walk_recursive() expects parameter 2 to be a valid callback, function 'filter_exp' not found or invalid function name C:\wamp\www\System\ThinkPHP\Lib\Core\App.class.php 第 57 行.
INFO: [ app_begin ] --START--
INFO: ReadHtmlCache Behavior ::run [ RunTime:0.001808s ]
INFO: [ app_begin ] --END-- [ RunTime:0.002017s ]
SQL: SHOW COLUMNS FROM `t_user` [ RunTime:0.007745s ]
SQL: SELECT * FROM `t_user`  [ RunTime:0.000432s ]
INFO: [ view_parse ] --START--
INFO: ParseTemplate Behavior ::run [ RunTime:0.025425s ]
INFO: [ view_parse ] --END-- [ RunTime:0.025749s ]
INFO: [ view_filter ] --START--
INFO: ContentReplace Behavior ::run [ RunTime:0.001684s ]
INFO: TokenBuild Behavior ::run [ RunTime:0.001906s ]
INFO: WriteHtmlCache Behavior ::run [ RunTime:0.001339s ]
INFO: ShowRuntime Behavior ::run [ RunTime:0.001719s ]
INFO: [ view_filter ] --END-- [ RunTime:0.007352s ]
INFO: [ view_end ] --START--
INFO: ShowPageTrace Behavior ::run [ RunTime:0.001776s ]
INFO: [ view_end ] --END-- [ RunTime:0.001981s ]

