[ 2016-03-22T14:31:26+08:00 ] 0.0.0.0 /System/admin.php
NOTIC: [2] array_walk_recursive() expects parameter 2 to be a valid callback, function 'filter_exp' not found or invalid function name C:\wamp1\www\System\ThinkPHP\Lib\Core\App.class.php 第 56 行.
NOTIC: [2] array_walk_recursive() expects parameter 2 to be a valid callback, function 'filter_exp' not found or invalid function name C:\wamp1\www\System\ThinkPHP\Lib\Core\App.class.php 第 57 行.
INFO: [ app_begin ] --START--
INFO: ReadHtmlCache Behavior ::run [ RunTime:0.039215s ]
INFO: [ app_begin ] --END-- [ RunTime:0.039457s ]
INFO: [ view_parse ] --START--
INFO: ParseTemplate Behavior ::run [ RunTime:0.160382s ]
INFO: [ view_parse ] --END-- [ RunTime:0.160622s ]
INFO: [ view_filter ] --START--
INFO: ContentReplace Behavior ::run [ RunTime:0.012693s ]
INFO: TokenBuild Behavior ::run [ RunTime:0.017874s ]
INFO: WriteHtmlCache Behavior ::run [ RunTime:0.026038s ]
INFO: ShowRuntime Behavior ::run [ RunTime:0.032932s ]
INFO: [ view_filter ] --END-- [ RunTime:0.090133s ]
INFO: [ view_end ] --START--
INFO: ShowPageTrace Behavior ::run [ RunTime:0.034423s ]
INFO: [ view_end ] --END-- [ RunTime:0.034607s ]

[ 2016-03-22T14:31:27+08:00 ] 0.0.0.0 /System/admin.php/Index/verify/
INFO: [ route_check ] --START--
INFO: CheckRoute Behavior ::run [ RunTime:0.035474s ]
INFO: [ route_check ] --END-- [ RunTime:0.035724s ]
NOTIC: [2] array_walk_recursive() expects parameter 2 to be a valid callback, function 'filter_exp' not found or invalid function name C:\wamp1\www\System\ThinkPHP\Lib\Core\App.class.php 第 56 行.
NOTIC: [2] array_walk_recursive() expects parameter 2 to be a valid callback, function 'filter_exp' not found or invalid function name C:\wamp1\www\System\ThinkPHP\Lib\Core\App.class.php 第 57 行.
INFO: [ app_begin ] --START--
INFO: ReadHtmlCache Behavior ::run [ RunTime:0.002377s ]
INFO: [ app_begin ] --END-- [ RunTime:0.002653s ]

