[ 2016-03-11T14:40:16+08:00 ] 0.0.0.0 /System/admin.php
NOTIC: [2] array_walk_recursive() expects parameter 2 to be a valid callback, function 'filter_exp' not found or invalid function name C:\wamp1\www\System\ThinkPHP\Lib\Core\App.class.php 第 56 行.
NOTIC: [2] array_walk_recursive() expects parameter 2 to be a valid callback, function 'filter_exp' not found or invalid function name C:\wamp1\www\System\ThinkPHP\Lib\Core\App.class.php 第 57 行.
INFO: [ app_begin ] --START--
INFO: ReadHtmlCache Behavior ::run [ RunTime:0.038352s ]
INFO: [ app_begin ] --END-- [ RunTime:0.038580s ]
INFO: [ view_parse ] --START--
INFO: ParseTemplate Behavior ::run [ RunTime:0.108700s ]
INFO: [ view_parse ] --END-- [ RunTime:0.108979s ]
INFO: [ view_filter ] --START--
INFO: ContentReplace Behavior ::run [ RunTime:0.013851s ]
INFO: TokenBuild Behavior ::run [ RunTime:0.017732s ]
INFO: WriteHtmlCache Behavior ::run [ RunTime:0.009911s ]
INFO: ShowRuntime Behavior ::run [ RunTime:0.010486s ]
INFO: [ view_filter ] --END-- [ RunTime:0.052736s ]
INFO: [ view_end ] --START--
INFO: ShowPageTrace Behavior ::run [ RunTime:0.013434s ]
INFO: [ view_end ] --END-- [ RunTime:0.013719s ]

[ 2016-03-11T14:40:16+08:00 ] 0.0.0.0 /System/admin.php/Index/verify/
INFO: [ route_check ] --START--
INFO: CheckRoute Behavior ::run [ RunTime:0.056504s ]
INFO: [ route_check ] --END-- [ RunTime:0.056754s ]
NOTIC: [2] array_walk_recursive() expects parameter 2 to be a valid callback, function 'filter_exp' not found or invalid function name C:\wamp1\www\System\ThinkPHP\Lib\Core\App.class.php 第 56 行.
NOTIC: [2] array_walk_recursive() expects parameter 2 to be a valid callback, function 'filter_exp' not found or invalid function name C:\wamp1\www\System\ThinkPHP\Lib\Core\App.class.php 第 57 行.
INFO: [ app_begin ] --START--
INFO: ReadHtmlCache Behavior ::run [ RunTime:0.002535s ]
INFO: [ app_begin ] --END-- [ RunTime:0.002787s ]

[ 2016-03-11T14:40:18+08:00 ] 0.0.0.0 /System/admin.php/Index/verify/1457678418860
INFO: [ route_check ] --START--
INFO: CheckRoute Behavior ::run [ RunTime:0.002786s ]
INFO: [ route_check ] --END-- [ RunTime:0.003081s ]
NOTIC: [2] array_walk_recursive() expects parameter 2 to be a valid callback, function 'filter_exp' not found or invalid function name C:\wamp1\www\System\ThinkPHP\Lib\Core\App.class.php 第 56 行.
NOTIC: [2] array_walk_recursive() expects parameter 2 to be a valid callback, function 'filter_exp' not found or invalid function name C:\wamp1\www\System\ThinkPHP\Lib\Core\App.class.php 第 57 行.
INFO: [ app_begin ] --START--
INFO: ReadHtmlCache Behavior ::run [ RunTime:0.001993s ]
INFO: [ app_begin ] --END-- [ RunTime:0.002250s ]

[ 2016-03-11T14:40:19+08:00 ] 0.0.0.0 /System/admin.php/Index/verify/1457678419675
INFO: [ route_check ] --START--
INFO: CheckRoute Behavior ::run [ RunTime:0.002255s ]
INFO: [ route_check ] --END-- [ RunTime:0.002498s ]
NOTIC: [2] array_walk_recursive() expects parameter 2 to be a valid callback, function 'filter_exp' not found or invalid function name C:\wamp1\www\System\ThinkPHP\Lib\Core\App.class.php 第 56 行.
NOTIC: [2] array_walk_recursive() expects parameter 2 to be a valid callback, function 'filter_exp' not found or invalid function name C:\wamp1\www\System\ThinkPHP\Lib\Core\App.class.php 第 57 行.
INFO: [ app_begin ] --START--
INFO: ReadHtmlCache Behavior ::run [ RunTime:0.002014s ]
INFO: [ app_begin ] --END-- [ RunTime:0.002258s ]

